[2017-09-25 11:34:17] error1:  Uncaught Twig_Error_Loader: The "D:\item\frame/public/index.wxuns.php" directory does not exist ("D:\item\frame/public/index.wxuns.php"). in D:\item\frame\vendor\twig\twig\lib\Twig\Loader\Filesystem.php:101
Stack trace:
#0 D:\item\frame\vendor\twig\twig\lib\Twig\Loader\Filesystem.php(82): Twig_Loader_Filesystem->addPath('D:\\item\\frame/p...', '__main__')
#1 D:\item\frame\vendor\twig\twig\lib\Twig\Loader\Filesystem.php(40): Twig_Loader_Filesystem->setPaths(Array)
#2 D:\item\frame\core\common\function.php(37): Twig_Loader_Filesystem->__construct('D:\\item\\frame/p...')
#3 D:\item\frame\app\controller\IndexController.php(6): view('index', Array)
#4 D:\item\frame\core\wxuns.php(20): app\controller\IndexController->index()
#5 D:\item\frame\index.php(21): core\wxuns::run()
#6 {main}
  thrown => D:\item\frame\vendor\twig\twig\lib\Twig\Loader\Filesystem.php line:101
[2017-09-25 11:34:17] error1:  Uncaught ErrorException: 页面不存在 in D:\item\frame\core\lib\route.php:54
Stack trace:
#0 D:\item\frame\core\lib\route.php(29): core\lib\Route->con('favicon.ico', Array)
#1 D:\item\frame\core\lib\route.php(14): core\lib\Route->router()
#2 D:\item\frame\core\wxuns.php(15): core\lib\Route->__construct()
#3 D:\item\frame\index.php(21): core\wxuns::run()
#4 {main}
  thrown => D:\item\frame\core\lib\route.php line:54
[2017-09-25 11:34:58] error1:  Uncaught Twig_Error_Loader: The "D:\item\frame/public/index.wxuns.php" directory does not exist ("D:\item\frame/public/index.wxuns.php"). in D:\item\frame\vendor\twig\twig\lib\Twig\Loader\Filesystem.php:101
Stack trace:
#0 D:\item\frame\vendor\twig\twig\lib\Twig\Loader\Filesystem.php(82): Twig_Loader_Filesystem->addPath('D:\\item\\frame/p...', '__main__')
#1 D:\item\frame\vendor\twig\twig\lib\Twig\Loader\Filesystem.php(40): Twig_Loader_Filesystem->setPaths(Array)
#2 D:\item\frame\core\common\function.php(37): Twig_Loader_Filesystem->__construct('D:\\item\\frame/p...')
#3 D:\item\frame\app\controller\IndexController.php(6): view('index', Array)
#4 D:\item\frame\core\wxuns.php(20): app\controller\IndexController->index()
#5 D:\item\frame\index.php(21): core\wxuns::run()
#6 {main}
  thrown => D:\item\frame\vendor\twig\twig\lib\Twig\Loader\Filesystem.php line:101
[2017-09-25 11:34:58] error1:  Uncaught ErrorException: 页面不存在 in D:\item\frame\core\lib\route.php:54
Stack trace:
#0 D:\item\frame\core\lib\route.php(29): core\lib\Route->con('favicon.ico', Array)
#1 D:\item\frame\core\lib\route.php(14): core\lib\Route->router()
#2 D:\item\frame\core\wxuns.php(15): core\lib\Route->__construct()
#3 D:\item\frame\index.php(21): core\wxuns::run()
#4 {main}
  thrown => D:\item\frame\core\lib\route.php line:54
[2017-09-25 11:35:47] error1:  Uncaught Twig_Error_Loader: The "D:\item\frame/public/index.wxuns.php" directory does not exist ("D:\item\frame/public/index.wxuns.php"). in D:\item\frame\vendor\twig\twig\lib\Twig\Loader\Filesystem.php:101
Stack trace:
#0 D:\item\frame\vendor\twig\twig\lib\Twig\Loader\Filesystem.php(82): Twig_Loader_Filesystem->addPath('D:\\item\\frame/p...', '__main__')
#1 D:\item\frame\vendor\twig\twig\lib\Twig\Loader\Filesystem.php(40): Twig_Loader_Filesystem->setPaths(Array)
#2 D:\item\frame\core\common\function.php(37): Twig_Loader_Filesystem->__construct('D:\\item\\frame/p...')
#3 D:\item\frame\app\controller\IndexController.php(6): view('index', Array)
#4 D:\item\frame\core\wxuns.php(20): app\controller\IndexController->index()
#5 D:\item\frame\index.php(21): core\wxuns::run()
#6 {main}
  thrown => D:\item\frame\vendor\twig\twig\lib\Twig\Loader\Filesystem.php line:101
[2017-09-25 11:35:47] error1:  Uncaught ErrorException: 页面不存在 in D:\item\frame\core\lib\route.php:54
Stack trace:
#0 D:\item\frame\core\lib\route.php(29): core\lib\Route->con('favicon.ico', Array)
#1 D:\item\frame\core\lib\route.php(14): core\lib\Route->router()
#2 D:\item\frame\core\wxuns.php(15): core\lib\Route->__construct()
#3 D:\item\frame\index.php(21): core\wxuns::run()
#4 {main}
  thrown => D:\item\frame\core\lib\route.php line:54
[2017-09-25 11:36:21] error1:  Uncaught Twig_Error_Loader: The "D:\item\frame/public/index.wxuns.php" directory does not exist ("D:\item\frame/public/index.wxuns.php"). in D:\item\frame\vendor\twig\twig\lib\Twig\Loader\Filesystem.php:101
Stack trace:
#0 D:\item\frame\vendor\twig\twig\lib\Twig\Loader\Filesystem.php(82): Twig_Loader_Filesystem->addPath('D:\\item\\frame/p...', '__main__')
#1 D:\item\frame\vendor\twig\twig\lib\Twig\Loader\Filesystem.php(40): Twig_Loader_Filesystem->setPaths(Array)
#2 D:\item\frame\core\common\function.php(37): Twig_Loader_Filesystem->__construct('D:\\item\\frame/p...')
#3 D:\item\frame\app\controller\IndexController.php(6): view('index', Array)
#4 D:\item\frame\core\wxuns.php(20): app\controller\IndexController->index()
#5 D:\item\frame\index.php(21): core\wxuns::run()
#6 {main}
  thrown => D:\item\frame\vendor\twig\twig\lib\Twig\Loader\Filesystem.php line:101
[2017-09-25 11:36:22] error1:  Uncaught ErrorException: 页面不存在 in D:\item\frame\core\lib\route.php:54
Stack trace:
#0 D:\item\frame\core\lib\route.php(29): core\lib\Route->con('favicon.ico', Array)
#1 D:\item\frame\core\lib\route.php(14): core\lib\Route->router()
#2 D:\item\frame\core\wxuns.php(15): core\lib\Route->__construct()
#3 D:\item\frame\index.php(21): core\wxuns::run()
#4 {main}
  thrown => D:\item\frame\core\lib\route.php line:54
[2017-09-25 11:36:51] error1:  Uncaught Twig_Error_Loader: The "D:\item\frame/public/index.wxuns.php" directory does not exist ("D:\item\frame/public/index.wxuns.php"). in D:\item\frame\vendor\twig\twig\lib\Twig\Loader\Filesystem.php:101
Stack trace:
#0 D:\item\frame\vendor\twig\twig\lib\Twig\Loader\Filesystem.php(82): Twig_Loader_Filesystem->addPath('D:\\item\\frame/p...', '__main__')
#1 D:\item\frame\vendor\twig\twig\lib\Twig\Loader\Filesystem.php(40): Twig_Loader_Filesystem->setPaths(Array)
#2 D:\item\frame\core\common\function.php(37): Twig_Loader_Filesystem->__construct('D:\\item\\frame/p...')
#3 D:\item\frame\app\controller\IndexController.php(6): view('index', Array)
#4 D:\item\frame\core\wxuns.php(20): app\controller\IndexController->index()
#5 D:\item\frame\index.php(21): core\wxuns::run()
#6 {main}
  thrown => D:\item\frame\vendor\twig\twig\lib\Twig\Loader\Filesystem.php line:101
[2017-09-25 11:36:51] error1:  Uncaught ErrorException: 页面不存在 in D:\item\frame\core\lib\route.php:54
Stack trace:
#0 D:\item\frame\core\lib\route.php(29): core\lib\Route->con('favicon.ico', Array)
#1 D:\item\frame\core\lib\route.php(14): core\lib\Route->router()
#2 D:\item\frame\core\wxuns.php(15): core\lib\Route->__construct()
#3 D:\item\frame\index.php(21): core\wxuns::run()
#4 {main}
  thrown => D:\item\frame\core\lib\route.php line:54
[2017-09-25 11:37:06] error1:  Uncaught Twig_Error_Loader: The "D:\item\frame/public/index.wxuns.php" directory does not exist ("D:\item\frame/public/index.wxuns.php"). in D:\item\frame\vendor\twig\twig\lib\Twig\Loader\Filesystem.php:101
Stack trace:
#0 D:\item\frame\vendor\twig\twig\lib\Twig\Loader\Filesystem.php(82): Twig_Loader_Filesystem->addPath('D:\\item\\frame/p...', '__main__')
#1 D:\item\frame\vendor\twig\twig\lib\Twig\Loader\Filesystem.php(40): Twig_Loader_Filesystem->setPaths(Array)
#2 D:\item\frame\core\common\function.php(38): Twig_Loader_Filesystem->__construct('D:\\item\\frame/p...')
#3 D:\item\frame\app\controller\IndexController.php(6): view('index', Array)
#4 D:\item\frame\core\wxuns.php(20): app\controller\IndexController->index()
#5 D:\item\frame\index.php(21): core\wxuns::run()
#6 {main}
  thrown => D:\item\frame\vendor\twig\twig\lib\Twig\Loader\Filesystem.php line:101
[2017-09-25 11:37:06] error1:  Uncaught ErrorException: 页面不存在 in D:\item\frame\core\lib\route.php:54
Stack trace:
#0 D:\item\frame\core\lib\route.php(29): core\lib\Route->con('favicon.ico', Array)
#1 D:\item\frame\core\lib\route.php(14): core\lib\Route->router()
#2 D:\item\frame\core\wxuns.php(15): core\lib\Route->__construct()
#3 D:\item\frame\index.php(21): core\wxuns::run()
#4 {main}
  thrown => D:\item\frame\core\lib\route.php line:54
[2017-09-25 11:38:15] error1:  Uncaught Twig_Error_Loader: The "D:\item\frame/public/index.wxuns.php" directory does not exist ("D:\item\frame/public/index.wxuns.php"). in D:\item\frame\vendor\twig\twig\lib\Twig\Loader\Filesystem.php:101
Stack trace:
#0 D:\item\frame\vendor\twig\twig\lib\Twig\Loader\Filesystem.php(82): Twig_Loader_Filesystem->addPath('D:\\item\\frame/p...', '__main__')
#1 D:\item\frame\vendor\twig\twig\lib\Twig\Loader\Filesystem.php(40): Twig_Loader_Filesystem->setPaths(Array)
#2 D:\item\frame\core\common\function.php(37): Twig_Loader_Filesystem->__construct('D:\\item\\frame/p...')
#3 D:\item\frame\app\controller\IndexController.php(6): view('index', Array)
#4 D:\item\frame\core\wxuns.php(20): app\controller\IndexController->index()
#5 D:\item\frame\index.php(21): core\wxuns::run()
#6 {main}
  thrown => D:\item\frame\vendor\twig\twig\lib\Twig\Loader\Filesystem.php line:101
[2017-09-25 11:38:15] error1:  Uncaught ErrorException: 页面不存在 in D:\item\frame\core\lib\route.php:54
Stack trace:
#0 D:\item\frame\core\lib\route.php(29): core\lib\Route->con('favicon.ico', Array)
#1 D:\item\frame\core\lib\route.php(14): core\lib\Route->router()
#2 D:\item\frame\core\wxuns.php(15): core\lib\Route->__construct()
#3 D:\item\frame\index.php(21): core\wxuns::run()
#4 {main}
  thrown => D:\item\frame\core\lib\route.php line:54
[2017-09-25 11:40:34] error1:  Uncaught Twig_Error_Loader: Unable to find template "D:/item/frame/public/index.html" (looked into: D:\item\frame/public). in D:\item\frame\vendor\twig\twig\lib\Twig\Loader\Filesystem.php:226
Stack trace:
#0 D:\item\frame\vendor\twig\twig\lib\Twig\Loader\Filesystem.php(143): Twig_Loader_Filesystem->findTemplate('D:/item/frame/p...')
#1 D:\item\frame\vendor\twig\twig\lib\Twig\Environment.php(269): Twig_Loader_Filesystem->getCacheKey('D:\\item\\frame/p...')
#2 D:\item\frame\vendor\twig\twig\lib\Twig\Environment.php(345): Twig_Environment->getTemplateClass('D:\\item\\frame/p...')
#3 D:\item\frame\vendor\twig\twig\lib\Twig\Environment.php(288): Twig_Environment->loadTemplate('D:\\item\\frame/p...')
#4 D:\item\frame\core\common\function.php(43): Twig_Environment->render('D:\\item\\frame/p...', Array)
#5 D:\item\frame\app\controller\IndexController.php(6): view('D:\\item\\frame/p...', Array)
#6 D:\item\frame\core\wxuns.php(20): app\controller\IndexController->index()
#7 D:\item\frame\index.php(21): core\wxuns::run( => D:\item\frame\vendor\twig\twig\lib\Twig\Loader\Filesystem.php line:226
[2017-09-25 11:40:34] error1:  Uncaught ErrorException: 页面不存在 in D:\item\frame\core\lib\route.php:54
Stack trace:
#0 D:\item\frame\core\lib\route.php(29): core\lib\Route->con('favicon.ico', Array)
#1 D:\item\frame\core\lib\route.php(14): core\lib\Route->router()
#2 D:\item\frame\core\wxuns.php(15): core\lib\Route->__construct()
#3 D:\item\frame\index.php(21): core\wxuns::run()
#4 {main}
  thrown => D:\item\frame\core\lib\route.php line:54
[2017-09-25 11:41:10] error1:  Uncaught Twig_Error_Loader: Unable to find template "D:/item/frame/public/index.html" (looked into: D:\item\frame/public). in D:\item\frame\vendor\twig\twig\lib\Twig\Loader\Filesystem.php:226
Stack trace:
#0 D:\item\frame\vendor\twig\twig\lib\Twig\Loader\Filesystem.php(143): Twig_Loader_Filesystem->findTemplate('D:/item/frame/p...')
#1 D:\item\frame\vendor\twig\twig\lib\Twig\Environment.php(269): Twig_Loader_Filesystem->getCacheKey('D:\\item\\frame/p...')
#2 D:\item\frame\vendor\twig\twig\lib\Twig\Environment.php(345): Twig_Environment->getTemplateClass('D:\\item\\frame/p...')
#3 D:\item\frame\vendor\twig\twig\lib\Twig\Environment.php(288): Twig_Environment->loadTemplate('D:\\item\\frame/p...')
#4 D:\item\frame\core\common\function.php(43): Twig_Environment->render('D:\\item\\frame/p...', Array)
#5 D:\item\frame\app\controller\IndexController.php(6): view('D:\\item\\frame/p...', Array)
#6 D:\item\frame\core\wxuns.php(20): app\controller\IndexController->index()
#7 D:\item\frame\index.php(21): core\wxuns::run( => D:\item\frame\vendor\twig\twig\lib\Twig\Loader\Filesystem.php line:226
[2017-09-25 11:41:11] error1:  Uncaught ErrorException: 页面不存在 in D:\item\frame\core\lib\route.php:54
Stack trace:
#0 D:\item\frame\core\lib\route.php(29): core\lib\Route->con('favicon.ico', Array)
#1 D:\item\frame\core\lib\route.php(14): core\lib\Route->router()
#2 D:\item\frame\core\wxuns.php(15): core\lib\Route->__construct()
#3 D:\item\frame\index.php(21): core\wxuns::run()
#4 {main}
  thrown => D:\item\frame\core\lib\route.php line:54
[2017-09-25 11:41:47] error1:  Uncaught ErrorException: 页面不存在 in D:\item\frame\core\lib\route.php:54
Stack trace:
#0 D:\item\frame\core\lib\route.php(29): core\lib\Route->con('favicon.ico', Array)
#1 D:\item\frame\core\lib\route.php(14): core\lib\Route->router()
#2 D:\item\frame\core\wxuns.php(15): core\lib\Route->__construct()
#3 D:\item\frame\index.php(21): core\wxuns::run()
#4 {main}
  thrown => D:\item\frame\core\lib\route.php line:54
[2017-09-25 11:42:01] error1:  Uncaught Twig_Error_Loader: Unable to find template "index.html" (looked into: D:\item\frame/public). in D:\item\frame\vendor\twig\twig\lib\Twig\Loader\Filesystem.php:226
Stack trace:
#0 D:\item\frame\vendor\twig\twig\lib\Twig\Loader\Filesystem.php(143): Twig_Loader_Filesystem->findTemplate('index.html')
#1 D:\item\frame\vendor\twig\twig\lib\Twig\Environment.php(269): Twig_Loader_Filesystem->getCacheKey('index.html')
#2 D:\item\frame\vendor\twig\twig\lib\Twig\Environment.php(345): Twig_Environment->getTemplateClass('index.html')
#3 D:\item\frame\vendor\twig\twig\lib\Twig\Environment.php(288): Twig_Environment->loadTemplate('index.html')
#4 D:\item\frame\core\common\function.php(43): Twig_Environment->render('index.html', Array)
#5 D:\item\frame\app\controller\IndexController.php(6): view('index.html', Array)
#6 D:\item\frame\core\wxuns.php(20): app\controller\IndexController->index()
#7 D:\item\frame\index.php(21): core\wxuns::run()
#8 {main}
  thrown => D:\item\frame\vendor\twig\twig\lib\Twig\Loader\Filesystem.php line:226
[2017-09-25 11:42:02] error1:  Uncaught ErrorException: 页面不存在 in D:\item\frame\core\lib\route.php:54
Stack trace:
#0 D:\item\frame\core\lib\route.php(29): core\lib\Route->con('favicon.ico', Array)
#1 D:\item\frame\core\lib\route.php(14): core\lib\Route->router()
#2 D:\item\frame\core\wxuns.php(15): core\lib\Route->__construct()
#3 D:\item\frame\index.php(21): core\wxuns::run()
#4 {main}
  thrown => D:\item\frame\core\lib\route.php line:54
[2017-09-25 11:42:54] error1:  Uncaught ErrorException: 页面不存在 in D:\item\frame\core\lib\route.php:54
Stack trace:
#0 D:\item\frame\core\lib\route.php(29): core\lib\Route->con('favicon.ico', Array)
#1 D:\item\frame\core\lib\route.php(14): core\lib\Route->router()
#2 D:\item\frame\core\wxuns.php(15): core\lib\Route->__construct()
#3 D:\item\frame\index.php(21): core\wxuns::run()
#4 {main}
  thrown => D:\item\frame\core\lib\route.php line:54
[2017-09-25 11:45:22] error1:  Uncaught Twig_Error_Syntax: Unknown "app" function. in D:\item\frame\public\index.html:2
Stack trace:
#0 D:\item\frame\vendor\twig\twig\lib\Twig\ExpressionParser.php(364): Twig_ExpressionParser->getFunctionNodeClass('app', 2)
#1 D:\item\frame\vendor\twig\twig\lib\Twig\ExpressionParser.php(152): Twig_ExpressionParser->getFunctionNode('app', 2)
#2 D:\item\frame\vendor\twig\twig\lib\Twig\ExpressionParser.php(92): Twig_ExpressionParser->parsePrimaryExpression()
#3 D:\item\frame\vendor\twig\twig\lib\Twig\ExpressionParser.php(45): Twig_ExpressionParser->getPrimary()
#4 D:\item\frame\vendor\twig\twig\lib\Twig\Parser.php(123): Twig_ExpressionParser->parseExpression()
#5 D:\item\frame\vendor\twig\twig\lib\Twig\Parser.php(79): Twig_Parser->subparse(NULL, false)
#6 D:\item\frame\vendor\twig\twig\lib\Twig\Environment.php(512): Twig_Parser->parse(Object(Twig_TokenStream))
#7 D:\item\frame\vendor\twig\twig\lib\Twig\Environment.php(544): Twig_Environment->parse(Object(Twig_TokenStream))
#8 D:\item\frame\vendor\twig\twig\lib => D:\item\frame\public\index.html line:2
[2017-09-25 11:45:22] error1:  Uncaught ErrorException: 页面不存在 in D:\item\frame\core\lib\route.php:54
Stack trace:
#0 D:\item\frame\core\lib\route.php(29): core\lib\Route->con('favicon.ico', Array)
#1 D:\item\frame\core\lib\route.php(14): core\lib\Route->router()
#2 D:\item\frame\core\wxuns.php(15): core\lib\Route->__construct()
#3 D:\item\frame\index.php(21): core\wxuns::run()
#4 {main}
  thrown => D:\item\frame\core\lib\route.php line:54
[2017-09-25 11:45:43] error1:  Uncaught Twig_Error_Syntax: Unknown "app" function. in D:\item\frame\public\index.html:2
Stack trace:
#0 D:\item\frame\vendor\twig\twig\lib\Twig\ExpressionParser.php(364): Twig_ExpressionParser->getFunctionNodeClass('app', 2)
#1 D:\item\frame\vendor\twig\twig\lib\Twig\ExpressionParser.php(152): Twig_ExpressionParser->getFunctionNode('app', 2)
#2 D:\item\frame\vendor\twig\twig\lib\Twig\ExpressionParser.php(92): Twig_ExpressionParser->parsePrimaryExpression()
#3 D:\item\frame\vendor\twig\twig\lib\Twig\ExpressionParser.php(45): Twig_ExpressionParser->getPrimary()
#4 D:\item\frame\vendor\twig\twig\lib\Twig\Parser.php(123): Twig_ExpressionParser->parseExpression()
#5 D:\item\frame\vendor\twig\twig\lib\Twig\Parser.php(79): Twig_Parser->subparse(NULL, false)
#6 D:\item\frame\vendor\twig\twig\lib\Twig\Environment.php(512): Twig_Parser->parse(Object(Twig_TokenStream))
#7 D:\item\frame\vendor\twig\twig\lib\Twig\Environment.php(544): Twig_Environment->parse(Object(Twig_TokenStream))
#8 D:\item\frame\vendor\twig\twig\lib => D:\item\frame\public\index.html line:2
[2017-09-25 11:45:43] error1:  Uncaught ErrorException: 页面不存在 in D:\item\frame\core\lib\route.php:54
Stack trace:
#0 D:\item\frame\core\lib\route.php(29): core\lib\Route->con('favicon.ico', Array)
#1 D:\item\frame\core\lib\route.php(14): core\lib\Route->router()
#2 D:\item\frame\core\wxuns.php(15): core\lib\Route->__construct()
#3 D:\item\frame\index.php(21): core\wxuns::run()
#4 {main}
  thrown => D:\item\frame\core\lib\route.php line:54
[2017-09-25 11:45:44] error1:  Uncaught Twig_Error_Syntax: Unknown "app" function. in D:\item\frame\public\index.html:2
Stack trace:
#0 D:\item\frame\vendor\twig\twig\lib\Twig\ExpressionParser.php(364): Twig_ExpressionParser->getFunctionNodeClass('app', 2)
#1 D:\item\frame\vendor\twig\twig\lib\Twig\ExpressionParser.php(152): Twig_ExpressionParser->getFunctionNode('app', 2)
#2 D:\item\frame\vendor\twig\twig\lib\Twig\ExpressionParser.php(92): Twig_ExpressionParser->parsePrimaryExpression()
#3 D:\item\frame\vendor\twig\twig\lib\Twig\ExpressionParser.php(45): Twig_ExpressionParser->getPrimary()
#4 D:\item\frame\vendor\twig\twig\lib\Twig\Parser.php(123): Twig_ExpressionParser->parseExpression()
#5 D:\item\frame\vendor\twig\twig\lib\Twig\Parser.php(79): Twig_Parser->subparse(NULL, false)
#6 D:\item\frame\vendor\twig\twig\lib\Twig\Environment.php(512): Twig_Parser->parse(Object(Twig_TokenStream))
#7 D:\item\frame\vendor\twig\twig\lib\Twig\Environment.php(544): Twig_Environment->parse(Object(Twig_TokenStream))
#8 D:\item\frame\vendor\twig\twig\lib => D:\item\frame\public\index.html line:2
[2017-09-25 11:45:44] error1:  Uncaught ErrorException: 页面不存在 in D:\item\frame\core\lib\route.php:54
Stack trace:
#0 D:\item\frame\core\lib\route.php(29): core\lib\Route->con('favicon.ico', Array)
#1 D:\item\frame\core\lib\route.php(14): core\lib\Route->router()
#2 D:\item\frame\core\wxuns.php(15): core\lib\Route->__construct()
#3 D:\item\frame\index.php(21): core\wxuns::run()
#4 {main}
  thrown => D:\item\frame\core\lib\route.php line:54
[2017-09-25 11:45:58] error1:  Uncaught Twig_Error_Syntax: Unknown "app" function. in D:\item\frame\public\index.html:2
Stack trace:
#0 D:\item\frame\vendor\twig\twig\lib\Twig\ExpressionParser.php(364): Twig_ExpressionParser->getFunctionNodeClass('app', 2)
#1 D:\item\frame\vendor\twig\twig\lib\Twig\ExpressionParser.php(152): Twig_ExpressionParser->getFunctionNode('app', 2)
#2 D:\item\frame\vendor\twig\twig\lib\Twig\ExpressionParser.php(92): Twig_ExpressionParser->parsePrimaryExpression()
#3 D:\item\frame\vendor\twig\twig\lib\Twig\ExpressionParser.php(45): Twig_ExpressionParser->getPrimary()
#4 D:\item\frame\vendor\twig\twig\lib\Twig\Parser.php(123): Twig_ExpressionParser->parseExpression()
#5 D:\item\frame\vendor\twig\twig\lib\Twig\Parser.php(79): Twig_Parser->subparse(NULL, false)
#6 D:\item\frame\vendor\twig\twig\lib\Twig\Environment.php(512): Twig_Parser->parse(Object(Twig_TokenStream))
#7 D:\item\frame\vendor\twig\twig\lib\Twig\Environment.php(544): Twig_Environment->parse(Object(Twig_TokenStream))
#8 D:\item\frame\vendor\twig\twig\lib => D:\item\frame\public\index.html line:2
[2017-09-25 11:45:58] error1:  Uncaught ErrorException: 页面不存在 in D:\item\frame\core\lib\route.php:54
Stack trace:
#0 D:\item\frame\core\lib\route.php(29): core\lib\Route->con('favicon.ico', Array)
#1 D:\item\frame\core\lib\route.php(14): core\lib\Route->router()
#2 D:\item\frame\core\wxuns.php(15): core\lib\Route->__construct()
#3 D:\item\frame\index.php(21): core\wxuns::run()
#4 {main}
  thrown => D:\item\frame\core\lib\route.php line:54
[2017-09-25 11:46:07] error1:  Uncaught ErrorException: 页面不存在 in D:\item\frame\core\lib\route.php:54
Stack trace:
#0 D:\item\frame\core\lib\route.php(29): core\lib\Route->con('favicon.ico', Array)
#1 D:\item\frame\core\lib\route.php(14): core\lib\Route->router()
#2 D:\item\frame\core\wxuns.php(15): core\lib\Route->__construct()
#3 D:\item\frame\index.php(21): core\wxuns::run()
#4 {main}
  thrown => D:\item\frame\core\lib\route.php line:54
[2017-09-25 11:46:35] error1:  Uncaught ErrorException: 页面不存在 in D:\item\frame\core\lib\route.php:54
Stack trace:
#0 D:\item\frame\core\lib\route.php(29): core\lib\Route->con('favicon.ico', Array)
#1 D:\item\frame\core\lib\route.php(14): core\lib\Route->router()
#2 D:\item\frame\core\wxuns.php(15): core\lib\Route->__construct()
#3 D:\item\frame\index.php(21): core\wxuns::run()
#4 {main}
  thrown => D:\item\frame\core\lib\route.php line:54
[2017-09-25 11:46:40] error1:  Uncaught ErrorException: 页面不存在 in D:\item\frame\core\lib\route.php:54
Stack trace:
#0 D:\item\frame\core\lib\route.php(29): core\lib\Route->con('favicon.ico', Array)
#1 D:\item\frame\core\lib\route.php(14): core\lib\Route->router()
#2 D:\item\frame\core\wxuns.php(15): core\lib\Route->__construct()
#3 D:\item\frame\index.php(21): core\wxuns::run()
#4 {main}
  thrown => D:\item\frame\core\lib\route.php line:54
[2017-09-25 11:47:00] error1:  Uncaught ErrorException: 页面不存在 in D:\item\frame\core\lib\route.php:54
Stack trace:
#0 D:\item\frame\core\lib\route.php(29): core\lib\Route->con('favicon.ico', Array)
#1 D:\item\frame\core\lib\route.php(14): core\lib\Route->router()
#2 D:\item\frame\core\wxuns.php(15): core\lib\Route->__construct()
#3 D:\item\frame\index.php(21): core\wxuns::run()
#4 {main}
  thrown => D:\item\frame\core\lib\route.php line:54
[2017-09-25 11:47:06] error1:  Uncaught ErrorException: 页面不存在 in D:\item\frame\core\lib\route.php:54
Stack trace:
#0 D:\item\frame\core\lib\route.php(29): core\lib\Route->con('favicon.ico', Array)
#1 D:\item\frame\core\lib\route.php(14): core\lib\Route->router()
#2 D:\item\frame\core\wxuns.php(15): core\lib\Route->__construct()
#3 D:\item\frame\index.php(21): core\wxuns::run()
#4 {main}
  thrown => D:\item\frame\core\lib\route.php line:54
[2017-09-25 11:47:09] error1:  Uncaught ErrorException: 页面不存在 in D:\item\frame\core\lib\route.php:54
Stack trace:
#0 D:\item\frame\core\lib\route.php(29): core\lib\Route->con('favicon.ico', Array)
#1 D:\item\frame\core\lib\route.php(14): core\lib\Route->router()
#2 D:\item\frame\core\wxuns.php(15): core\lib\Route->__construct()
#3 D:\item\frame\index.php(21): core\wxuns::run()
#4 {main}
  thrown => D:\item\frame\core\lib\route.php line:54
[2017-09-25 11:47:20] error1:  Uncaught ErrorException: 页面不存在 in D:\item\frame\core\lib\route.php:54
Stack trace:
#0 D:\item\frame\core\lib\route.php(29): core\lib\Route->con('favicon.ico', Array)
#1 D:\item\frame\core\lib\route.php(14): core\lib\Route->router()
#2 D:\item\frame\core\wxuns.php(15): core\lib\Route->__construct()
#3 D:\item\frame\index.php(21): core\wxuns::run()
#4 {main}
  thrown => D:\item\frame\core\lib\route.php line:54
[2017-09-25 11:47:38] error1:  Uncaught ErrorException: 页面不存在 in D:\item\frame\core\lib\route.php:54
Stack trace:
#0 D:\item\frame\core\lib\route.php(29): core\lib\Route->con('favicon.ico', Array)
#1 D:\item\frame\core\lib\route.php(14): core\lib\Route->router()
#2 D:\item\frame\core\wxuns.php(15): core\lib\Route->__construct()
#3 D:\item\frame\index.php(21): core\wxuns::run()
#4 {main}
  thrown => D:\item\frame\core\lib\route.php line:54
[2017-09-25 11:48:21] error1:  Uncaught ErrorException: 页面不存在 in D:\item\frame\core\lib\route.php:54
Stack trace:
#0 D:\item\frame\core\lib\route.php(29): core\lib\Route->con('favicon.ico', Array)
#1 D:\item\frame\core\lib\route.php(14): core\lib\Route->router()
#2 D:\item\frame\core\wxuns.php(15): core\lib\Route->__construct()
#3 D:\item\frame\index.php(21): core\wxuns::run()
#4 {main}
  thrown => D:\item\frame\core\lib\route.php line:54
[2017-09-25 11:48:26] error1:  Uncaught ErrorException: 页面不存在 in D:\item\frame\core\lib\route.php:54
Stack trace:
#0 D:\item\frame\core\lib\route.php(29): core\lib\Route->con('favicon.ico', Array)
#1 D:\item\frame\core\lib\route.php(14): core\lib\Route->router()
#2 D:\item\frame\core\wxuns.php(15): core\lib\Route->__construct()
#3 D:\item\frame\index.php(21): core\wxuns::run()
#4 {main}
  thrown => D:\item\frame\core\lib\route.php line:54
[2017-09-25 11:48:43] error1:  Uncaught ErrorException: 页面不存在 in D:\item\frame\core\lib\route.php:54
Stack trace:
#0 D:\item\frame\core\lib\route.php(29): core\lib\Route->con('favicon.ico', Array)
#1 D:\item\frame\core\lib\route.php(14): core\lib\Route->router()
#2 D:\item\frame\core\wxuns.php(15): core\lib\Route->__construct()
#3 D:\item\frame\index.php(21): core\wxuns::run()
#4 {main}
  thrown => D:\item\frame\core\lib\route.php line:54
[2017-09-25 11:48:54] error1:  Uncaught ErrorException: 页面不存在 in D:\item\frame\core\lib\route.php:54
Stack trace:
#0 D:\item\frame\core\lib\route.php(29): core\lib\Route->con('favicon.ico', Array)
#1 D:\item\frame\core\lib\route.php(14): core\lib\Route->router()
#2 D:\item\frame\core\wxuns.php(15): core\lib\Route->__construct()
#3 D:\item\frame\index.php(21): core\wxuns::run()
#4 {main}
  thrown => D:\item\frame\core\lib\route.php line:54
[2017-09-25 11:49:20] error1:  Uncaught ErrorException: 页面不存在 in D:\item\frame\core\lib\route.php:54
Stack trace:
#0 D:\item\frame\core\lib\route.php(29): core\lib\Route->con('favicon.ico', Array)
#1 D:\item\frame\core\lib\route.php(14): core\lib\Route->router()
#2 D:\item\frame\core\wxuns.php(15): core\lib\Route->__construct()
#3 D:\item\frame\index.php(21): core\wxuns::run()
#4 {main}
  thrown => D:\item\frame\core\lib\route.php line:54
[2017-09-25 11:49:30] error1:  Uncaught ErrorException: 页面不存在 in D:\item\frame\core\lib\route.php:54
Stack trace:
#0 D:\item\frame\core\lib\route.php(29): core\lib\Route->con('favicon.ico', Array)
#1 D:\item\frame\core\lib\route.php(14): core\lib\Route->router()
#2 D:\item\frame\core\wxuns.php(15): core\lib\Route->__construct()
#3 D:\item\frame\index.php(21): core\wxuns::run()
#4 {main}
  thrown => D:\item\frame\core\lib\route.php line:54
[2017-09-25 11:49:43] error1:  Uncaught ErrorException: 页面不存在 in D:\item\frame\core\lib\route.php:54
Stack trace:
#0 D:\item\frame\core\lib\route.php(29): core\lib\Route->con('favicon.ico', Array)
#1 D:\item\frame\core\lib\route.php(14): core\lib\Route->router()
#2 D:\item\frame\core\wxuns.php(15): core\lib\Route->__construct()
#3 D:\item\frame\index.php(21): core\wxuns::run()
#4 {main}
  thrown => D:\item\frame\core\lib\route.php line:54
[2017-09-25 11:50:13] error1:  Uncaught Error: Call to undefined method app\controller\IndexController::index() in D:\item\frame\core\wxuns.php:20
Stack trace:
#0 D:\item\frame\index.php(21): core\wxuns::run()
#1 {main}
  thrown => D:\item\frame\core\wxuns.php line:20
[2017-09-25 11:50:14] error1:  Uncaught ErrorException: 页面不存在 in D:\item\frame\core\lib\route.php:54
Stack trace:
#0 D:\item\frame\core\lib\route.php(29): core\lib\Route->con('favicon.ico', Array)
#1 D:\item\frame\core\lib\route.php(14): core\lib\Route->router()
#2 D:\item\frame\core\wxuns.php(15): core\lib\Route->__construct()
#3 D:\item\frame\index.php(21): core\wxuns::run()
#4 {main}
  thrown => D:\item\frame\core\lib\route.php line:54
[2017-09-25 11:50:20] error1:  Uncaught ErrorException: 页面不存在 in D:\item\frame\core\lib\route.php:54
Stack trace:
#0 D:\item\frame\core\lib\route.php(29): core\lib\Route->con('favicon.ico', Array)
#1 D:\item\frame\core\lib\route.php(14): core\lib\Route->router()
#2 D:\item\frame\core\wxuns.php(15): core\lib\Route->__construct()
#3 D:\item\frame\index.php(21): core\wxuns::run()
#4 {main}
  thrown => D:\item\frame\core\lib\route.php line:54
[2017-09-25 11:50:33] error1:  Uncaught ArgumentCountError: Too few arguments to function view(), 1 passed in D:\item\frame\app\controller\IndexController.php on line 6 and exactly 2 expected in D:\item\frame\core\common\function.php:35
Stack trace:
#0 D:\item\frame\app\controller\IndexController.php(6): view('index')
#1 D:\item\frame\core\wxuns.php(20): app\controller\IndexController->index()
#2 D:\item\frame\index.php(21): core\wxuns::run()
#3 {main}
  thrown => D:\item\frame\core\common\function.php line:35
[2017-09-25 11:50:33] error1:  Uncaught ErrorException: 页面不存在 in D:\item\frame\core\lib\route.php:54
Stack trace:
#0 D:\item\frame\core\lib\route.php(29): core\lib\Route->con('favicon.ico', Array)
#1 D:\item\frame\core\lib\route.php(14): core\lib\Route->router()
#2 D:\item\frame\core\wxuns.php(15): core\lib\Route->__construct()
#3 D:\item\frame\index.php(21): core\wxuns::run()
#4 {main}
  thrown => D:\item\frame\core\lib\route.php line:54
[2017-09-25 11:50:50] error1:  Uncaught ErrorException: 页面不存在 in D:\item\frame\core\lib\route.php:54
Stack trace:
#0 D:\item\frame\core\lib\route.php(29): core\lib\Route->con('favicon.ico', Array)
#1 D:\item\frame\core\lib\route.php(14): core\lib\Route->router()
#2 D:\item\frame\core\wxuns.php(15): core\lib\Route->__construct()
#3 D:\item\frame\index.php(21): core\wxuns::run()
#4 {main}
  thrown => D:\item\frame\core\lib\route.php line:54
[2017-09-25 11:50:55] error1:  Uncaught ErrorException: 页面不存在 in D:\item\frame\core\lib\route.php:54
Stack trace:
#0 D:\item\frame\core\lib\route.php(29): core\lib\Route->con('favicon.ico', Array)
#1 D:\item\frame\core\lib\route.php(14): core\lib\Route->router()
#2 D:\item\frame\core\wxuns.php(15): core\lib\Route->__construct()
#3 D:\item\frame\index.php(21): core\wxuns::run()
#4 {main}
  thrown => D:\item\frame\core\lib\route.php line:54
[2017-09-25 11:51:02] error1:  Uncaught ErrorException: 页面不存在 in D:\item\frame\core\lib\route.php:54
Stack trace:
#0 D:\item\frame\core\lib\route.php(29): core\lib\Route->con('favicon.ico', Array)
#1 D:\item\frame\core\lib\route.php(14): core\lib\Route->router()
#2 D:\item\frame\core\wxuns.php(15): core\lib\Route->__construct()
#3 D:\item\frame\index.php(21): core\wxuns::run()
#4 {main}
  thrown => D:\item\frame\core\lib\route.php line:54
[2017-09-25 11:52:10] error1:  Uncaught ErrorException: 页面不存在 in D:\item\frame\core\lib\route.php:54
Stack trace:
#0 D:\item\frame\core\lib\route.php(29): core\lib\Route->con('favicon.ico', Array)
#1 D:\item\frame\core\lib\route.php(14): core\lib\Route->router()
#2 D:\item\frame\core\wxuns.php(15): core\lib\Route->__construct()
#3 D:\item\frame\index.php(21): core\wxuns::run()
#4 {main}
  thrown => D:\item\frame\core\lib\route.php line:54
[2017-09-25 11:52:49] error1:  Uncaught ErrorException: 找不到类,或者类文件不存在 in D:\item\frame\core\wxuns.php:42
Stack trace:
#0 [internal function]: core\wxuns::load('core/lib/view')
#1 D:\item\frame\core\wxuns.php(24): spl_autoload_call('core\\lib\\view')
#2 D:\item\frame\index.php(21): core\wxuns::run()
#3 {main}
  thrown => D:\item\frame\core\wxuns.php line:42
[2017-09-25 11:52:50] error1:  Uncaught ErrorException: 页面不存在 in D:\item\frame\core\lib\route.php:54
Stack trace:
#0 D:\item\frame\core\lib\route.php(29): core\lib\Route->con('favicon.ico', Array)
#1 D:\item\frame\core\lib\route.php(14): core\lib\Route->router()
#2 D:\item\frame\core\wxuns.php(15): core\lib\Route->__construct()
#3 D:\item\frame\index.php(21): core\wxuns::run()
#4 {main}
  thrown => D:\item\frame\core\lib\route.php line:54
[2017-09-25 11:53:04] error1:  Uncaught ErrorException: 页面不存在 in D:\item\frame\core\lib\route.php:54
Stack trace:
#0 D:\item\frame\core\lib\route.php(29): core\lib\Route->con('favicon.ico', Array)
#1 D:\item\frame\core\lib\route.php(14): core\lib\Route->router()
#2 D:\item\frame\core\wxuns.php(15): core\lib\Route->__construct()
#3 D:\item\frame\index.php(21): core\wxuns::run()
#4 {main}
  thrown => D:\item\frame\core\lib\route.php line:54
[2017-09-25 11:55:14] error1:  Uncaught ErrorException: 页面不存在 in D:\item\frame\core\lib\route.php:54
Stack trace:
#0 D:\item\frame\core\lib\route.php(29): core\lib\Route->con('favicon.ico', Array)
#1 D:\item\frame\core\lib\route.php(14): core\lib\Route->router()
#2 D:\item\frame\core\wxuns.php(15): core\lib\Route->__construct()
#3 D:\item\frame\index.php(21): core\wxuns::run()
#4 {main}
  thrown => D:\item\frame\core\lib\route.php line:54
[2017-09-25 11:55:37] error1:  Uncaught ErrorException: 页面不存在 in D:\item\frame\core\lib\route.php:54
Stack trace:
#0 D:\item\frame\core\lib\route.php(29): core\lib\Route->con('favicon.ico', Array)
#1 D:\item\frame\core\lib\route.php(14): core\lib\Route->router()
#2 D:\item\frame\core\wxuns.php(15): core\lib\Route->__construct()
#3 D:\item\frame\index.php(21): core\wxuns::run()
#4 {main}
  thrown => D:\item\frame\core\lib\route.php line:54
[2017-09-25 11:55:45] error1:  Uncaught ErrorException: 页面不存在 in D:\item\frame\core\lib\route.php:54
Stack trace:
#0 D:\item\frame\core\lib\route.php(29): core\lib\Route->con('favicon.ico', Array)
#1 D:\item\frame\core\lib\route.php(14): core\lib\Route->router()
#2 D:\item\frame\core\wxuns.php(15): core\lib\Route->__construct()
#3 D:\item\frame\index.php(21): core\wxuns::run()
#4 {main}
  thrown => D:\item\frame\core\lib\route.php line:54
[2017-09-25 11:56:09] error1:  Uncaught ErrorException: 页面不存在 in D:\item\frame\core\lib\route.php:54
Stack trace:
#0 D:\item\frame\core\lib\route.php(29): core\lib\Route->con('favicon.ico', Array)
#1 D:\item\frame\core\lib\route.php(14): core\lib\Route->router()
#2 D:\item\frame\core\wxuns.php(15): core\lib\Route->__construct()
#3 D:\item\frame\index.php(21): core\wxuns::run()
#4 {main}
  thrown => D:\item\frame\core\lib\route.php line:54
[2017-09-25 11:56:22] error1:  Uncaught ErrorException: 页面不存在 in D:\item\frame\core\lib\route.php:54
Stack trace:
#0 D:\item\frame\core\lib\route.php(29): core\lib\Route->con('favicon.ico', Array)
#1 D:\item\frame\core\lib\route.php(14): core\lib\Route->router()
#2 D:\item\frame\core\wxuns.php(15): core\lib\Route->__construct()
#3 D:\item\frame\index.php(21): core\wxuns::run()
#4 {main}
  thrown => D:\item\frame\core\lib\route.php line:54
[2017-09-25 11:56:26] error1:  Uncaught ErrorException: 页面不存在 in D:\item\frame\core\lib\route.php:54
Stack trace:
#0 D:\item\frame\core\lib\route.php(29): core\lib\Route->con('favicon.ico', Array)
#1 D:\item\frame\core\lib\route.php(14): core\lib\Route->router()
#2 D:\item\frame\core\wxuns.php(15): core\lib\Route->__construct()
#3 D:\item\frame\index.php(21): core\wxuns::run()
#4 {main}
  thrown => D:\item\frame\core\lib\route.php line:54
[2017-09-25 11:56:45] error1:  Uncaught ErrorException: 页面不存在 in D:\item\frame\core\lib\route.php:54
Stack trace:
#0 D:\item\frame\core\lib\route.php(29): core\lib\Route->con('favicon.ico', Array)
#1 D:\item\frame\core\lib\route.php(14): core\lib\Route->router()
#2 D:\item\frame\core\wxuns.php(15): core\lib\Route->__construct()
#3 D:\item\frame\index.php(21): core\wxuns::run()
#4 {main}
  thrown => D:\item\frame\core\lib\route.php line:54
[2017-09-25 11:56:48] error1:  Uncaught ErrorException: 页面不存在 in D:\item\frame\core\lib\route.php:54
Stack trace:
#0 D:\item\frame\core\lib\route.php(29): core\lib\Route->con('favicon.ico', Array)
#1 D:\item\frame\core\lib\route.php(14): core\lib\Route->router()
#2 D:\item\frame\core\wxuns.php(15): core\lib\Route->__construct()
#3 D:\item\frame\index.php(21): core\wxuns::run()
#4 {main}
  thrown => D:\item\frame\core\lib\route.php line:54
[2017-09-25 11:57:09] error1:  Uncaught ErrorException: 页面不存在 in D:\item\frame\core\lib\route.php:54
Stack trace:
#0 D:\item\frame\core\lib\route.php(29): core\lib\Route->con('favicon.ico', Array)
#1 D:\item\frame\core\lib\route.php(14): core\lib\Route->router()
#2 D:\item\frame\core\wxuns.php(15): core\lib\Route->__construct()
#3 D:\item\frame\index.php(21): core\wxuns::run()
#4 {main}
  thrown => D:\item\frame\core\lib\route.php line:54
[2017-09-25 12:03:03] error1:  Uncaught ErrorException: 页面不存在 in D:\item\frame\core\lib\route.php:54
Stack trace:
#0 D:\item\frame\core\lib\route.php(29): core\lib\Route->con('favicon.ico', Array)
#1 D:\item\frame\core\lib\route.php(14): core\lib\Route->router()
#2 D:\item\frame\core\wxuns.php(15): core\lib\Route->__construct()
#3 D:\item\frame\index.php(21): core\wxuns::run()
#4 {main}
  thrown => D:\item\frame\core\lib\route.php line:54
[2017-09-25 12:03:19] error1:  Uncaught ErrorException: 页面不存在 in D:\item\frame\core\lib\route.php:54
Stack trace:
#0 D:\item\frame\core\lib\route.php(29): core\lib\Route->con('favicon.ico', Array)
#1 D:\item\frame\core\lib\route.php(14): core\lib\Route->router()
#2 D:\item\frame\core\wxuns.php(15): core\lib\Route->__construct()
#3 D:\item\frame\index.php(21): core\wxuns::run()
#4 {main}
  thrown => D:\item\frame\core\lib\route.php line:54
[2017-09-25 12:04:46] error1:  Uncaught ErrorException: 页面不存在 in D:\item\frame\core\lib\route.php:54
Stack trace:
#0 D:\item\frame\core\lib\route.php(29): core\lib\Route->con('favicon.ico', Array)
#1 D:\item\frame\core\lib\route.php(14): core\lib\Route->router()
#2 D:\item\frame\core\wxuns.php(15): core\lib\Route->__construct()
#3 D:\item\frame\index.php(21): core\wxuns::run()
#4 {main}
  thrown => D:\item\frame\core\lib\route.php line:54
[2017-09-25 12:05:38] error1:  Uncaught ErrorException: 页面不存在 in D:\item\frame\core\lib\route.php:54
Stack trace:
#0 D:\item\frame\core\lib\route.php(29): core\lib\Route->con('favicon.ico', Array)
#1 D:\item\frame\core\lib\route.php(14): core\lib\Route->router()
#2 D:\item\frame\core\wxuns.php(15): core\lib\Route->__construct()
#3 D:\item\frame\index.php(21): core\wxuns::run()
#4 {main}
  thrown => D:\item\frame\core\lib\route.php line:54
[2017-09-25 13:01:20] error1:  Uncaught ErrorException: 页面不存在 in D:\item\frame\core\lib\route.php:54
Stack trace:
#0 D:\item\frame\core\lib\route.php(29): core\lib\Route->con('favicon.ico', Array)
#1 D:\item\frame\core\lib\route.php(14): core\lib\Route->router()
#2 D:\item\frame\core\wxuns.php(15): core\lib\Route->__construct()
#3 D:\item\frame\index.php(21): core\wxuns::run()
#4 {main}
  thrown => D:\item\frame\core\lib\route.php line:54
[2017-09-25 13:01:55] error1:  Uncaught ErrorException: 页面不存在 in D:\item\frame\core\lib\route.php:54
Stack trace:
#0 D:\item\frame\core\lib\route.php(29): core\lib\Route->con('favicon.ico', Array)
#1 D:\item\frame\core\lib\route.php(14): core\lib\Route->router()
#2 D:\item\frame\core\wxuns.php(15): core\lib\Route->__construct()
#3 D:\item\frame\index.php(21): core\wxuns::run()
#4 {main}
  thrown => D:\item\frame\core\lib\route.php line:54
[2017-09-25 13:02:08] error1:  Uncaught ErrorException: 页面不存在 in D:\item\frame\core\lib\route.php:54
Stack trace:
#0 D:\item\frame\core\lib\route.php(29): core\lib\Route->con('favicon.ico', Array)
#1 D:\item\frame\core\lib\route.php(14): core\lib\Route->router()
#2 D:\item\frame\core\wxuns.php(15): core\lib\Route->__construct()
#3 D:\item\frame\index.php(21): core\wxuns::run()
#4 {main}
  thrown => D:\item\frame\core\lib\route.php line:54
[2017-09-25 13:03:15] error1:  Uncaught ErrorException: 页面不存在 in D:\item\frame\core\lib\route.php:54
Stack trace:
#0 D:\item\frame\core\lib\route.php(29): core\lib\Route->con('favicon.ico', Array)
#1 D:\item\frame\core\lib\route.php(14): core\lib\Route->router()
#2 D:\item\frame\core\wxuns.php(15): core\lib\Route->__construct()
#3 D:\item\frame\index.php(21): core\wxuns::run()
#4 {main}
  thrown => D:\item\frame\core\lib\route.php line:54
[2017-09-25 13:03:52] error1:  Uncaught ErrorException: 页面不存在 in D:\item\frame\core\lib\route.php:54
Stack trace:
#0 D:\item\frame\core\lib\route.php(29): core\lib\Route->con('favicon.ico', Array)
#1 D:\item\frame\core\lib\route.php(14): core\lib\Route->router()
#2 D:\item\frame\core\wxuns.php(15): core\lib\Route->__construct()
#3 D:\item\frame\index.php(21): core\wxuns::run()
#4 {main}
  thrown => D:\item\frame\core\lib\route.php line:54
[2017-09-25 13:04:18] error1:  Uncaught ErrorException: 页面不存在 in D:\item\frame\core\lib\route.php:54
Stack trace:
#0 D:\item\frame\core\lib\route.php(29): core\lib\Route->con('favicon.ico', Array)
#1 D:\item\frame\core\lib\route.php(14): core\lib\Route->router()
#2 D:\item\frame\core\wxuns.php(15): core\lib\Route->__construct()
#3 D:\item\frame\index.php(21): core\wxuns::run()
#4 {main}
  thrown => D:\item\frame\core\lib\route.php line:54
[2017-09-25 13:04:29] error1:  Uncaught ErrorException: 页面不存在 in D:\item\frame\core\lib\route.php:54
Stack trace:
#0 D:\item\frame\core\lib\route.php(29): core\lib\Route->con('favicon.ico', Array)
#1 D:\item\frame\core\lib\route.php(14): core\lib\Route->router()
#2 D:\item\frame\core\wxuns.php(15): core\lib\Route->__construct()
#3 D:\item\frame\index.php(21): core\wxuns::run()
#4 {main}
  thrown => D:\item\frame\core\lib\route.php line:54
[2017-09-25 13:05:19] error1:  Uncaught ErrorException: 页面不存在 in D:\item\frame\core\lib\route.php:54
Stack trace:
#0 D:\item\frame\core\lib\route.php(29): core\lib\Route->con('favicon.ico', Array)
#1 D:\item\frame\core\lib\route.php(14): core\lib\Route->router()
#2 D:\item\frame\core\wxuns.php(15): core\lib\Route->__construct()
#3 D:\item\frame\index.php(21): core\wxuns::run()
#4 {main}
  thrown => D:\item\frame\core\lib\route.php line:54
[2017-09-25 13:07:24] error1:  Uncaught ErrorException: 页面不存在 in D:\item\frame\core\lib\route.php:54
Stack trace:
#0 D:\item\frame\core\lib\route.php(29): core\lib\Route->con('favicon.ico', Array)
#1 D:\item\frame\core\lib\route.php(14): core\lib\Route->router()
#2 D:\item\frame\core\wxuns.php(15): core\lib\Route->__construct()
#3 D:\item\frame\index.php(21): core\wxuns::run()
#4 {main}
  thrown => D:\item\frame\core\lib\route.php line:54
[2017-09-25 13:08:08] error1:  Uncaught ErrorException: 页面不存在 in D:\item\frame\core\lib\route.php:54
Stack trace:
#0 D:\item\frame\core\lib\route.php(29): core\lib\Route->con('favicon.ico', Array)
#1 D:\item\frame\core\lib\route.php(14): core\lib\Route->router()
#2 D:\item\frame\core\wxuns.php(15): core\lib\Route->__construct()
#3 D:\item\frame\index.php(21): core\wxuns::run()
#4 {main}
  thrown => D:\item\frame\core\lib\route.php line:54
[2017-09-25 13:09:39] error1:  Uncaught ErrorException: 页面不存在 in D:\item\frame\core\lib\route.php:54
Stack trace:
#0 D:\item\frame\core\lib\route.php(29): core\lib\Route->con('favicon.ico', Array)
#1 D:\item\frame\core\lib\route.php(14): core\lib\Route->router()
#2 D:\item\frame\core\wxuns.php(15): core\lib\Route->__construct()
#3 D:\item\frame\index.php(21): core\wxuns::run()
#4 {main}
  thrown => D:\item\frame\core\lib\route.php line:54
[2017-09-25 13:10:08] error1:  Uncaught ErrorException: 页面不存在 in D:\item\frame\core\lib\route.php:54
Stack trace:
#0 D:\item\frame\core\lib\route.php(29): core\lib\Route->con('favicon.ico', Array)
#1 D:\item\frame\core\lib\route.php(14): core\lib\Route->router()
#2 D:\item\frame\core\wxuns.php(15): core\lib\Route->__construct()
#3 D:\item\frame\index.php(21): core\wxuns::run()
#4 {main}
  thrown => D:\item\frame\core\lib\route.php line:54
[2017-09-25 13:11:57] error1:  Uncaught ErrorException: 页面不存在 in D:\item\frame\core\lib\route.php:54
Stack trace:
#0 D:\item\frame\core\lib\route.php(29): core\lib\Route->con('favicon.ico', Array)
#1 D:\item\frame\core\lib\route.php(14): core\lib\Route->router()
#2 D:\item\frame\core\wxuns.php(15): core\lib\Route->__construct()
#3 D:\item\frame\index.php(21): core\wxuns::run()
#4 {main}
  thrown => D:\item\frame\core\lib\route.php line:54
[2017-09-25 13:12:17] error1:  Uncaught ErrorException: 页面不存在 in D:\item\frame\core\lib\route.php:54
Stack trace:
#0 D:\item\frame\core\lib\route.php(29): core\lib\Route->con('favicon.ico', Array)
#1 D:\item\frame\core\lib\route.php(14): core\lib\Route->router()
#2 D:\item\frame\core\wxuns.php(15): core\lib\Route->__construct()
#3 D:\item\frame\index.php(21): core\wxuns::run()
#4 {main}
  thrown => D:\item\frame\core\lib\route.php line:54
[2017-09-25 13:13:06] error1:  Uncaught ErrorException: 页面不存在 in D:\item\frame\core\lib\route.php:54
Stack trace:
#0 D:\item\frame\core\lib\route.php(29): core\lib\Route->con('favicon.ico', Array)
#1 D:\item\frame\core\lib\route.php(14): core\lib\Route->router()
#2 D:\item\frame\core\wxuns.php(15): core\lib\Route->__construct()
#3 D:\item\frame\index.php(21): core\wxuns::run()
#4 {main}
  thrown => D:\item\frame\core\lib\route.php line:54
[2017-09-25 13:13:15] error1:  Uncaught ErrorException: 页面不存在 in D:\item\frame\core\lib\route.php:54
Stack trace:
#0 D:\item\frame\core\lib\route.php(29): core\lib\Route->con('favicon.ico', Array)
#1 D:\item\frame\core\lib\route.php(14): core\lib\Route->router()
#2 D:\item\frame\core\wxuns.php(15): core\lib\Route->__construct()
#3 D:\item\frame\index.php(21): core\wxuns::run()
#4 {main}
  thrown => D:\item\frame\core\lib\route.php line:54
[2017-09-25 13:13:36] error1:  Uncaught ErrorException: 页面不存在 in D:\item\frame\core\lib\route.php:54
Stack trace:
#0 D:\item\frame\core\lib\route.php(29): core\lib\Route->con('favicon.ico', Array)
#1 D:\item\frame\core\lib\route.php(14): core\lib\Route->router()
#2 D:\item\frame\core\wxuns.php(15): core\lib\Route->__construct()
#3 D:\item\frame\index.php(21): core\wxuns::run()
#4 {main}
  thrown => D:\item\frame\core\lib\route.php line:54
[2017-09-25 13:13:55] error1:  Uncaught ErrorException: 页面不存在 in D:\item\frame\core\lib\route.php:54
Stack trace:
#0 D:\item\frame\core\lib\route.php(29): core\lib\Route->con('favicon.ico', Array)
#1 D:\item\frame\core\lib\route.php(14): core\lib\Route->router()
#2 D:\item\frame\core\wxuns.php(15): core\lib\Route->__construct()
#3 D:\item\frame\index.php(21): core\wxuns::run()
#4 {main}
  thrown => D:\item\frame\core\lib\route.php line:54
[2017-09-25 13:14:17] error1:  Uncaught ErrorException: 页面不存在 in D:\item\frame\core\lib\route.php:54
Stack trace:
#0 D:\item\frame\core\lib\route.php(29): core\lib\Route->con('favicon.ico', Array)
#1 D:\item\frame\core\lib\route.php(14): core\lib\Route->router()
#2 D:\item\frame\core\wxuns.php(15): core\lib\Route->__construct()
#3 D:\item\frame\index.php(21): core\wxuns::run()
#4 {main}
  thrown => D:\item\frame\core\lib\route.php line:54
[2017-09-25 13:14:47] error1:  Uncaught ErrorException: 页面不存在 in D:\item\frame\core\lib\route.php:54
Stack trace:
#0 D:\item\frame\core\lib\route.php(29): core\lib\Route->con('favicon.ico', Array)
#1 D:\item\frame\core\lib\route.php(14): core\lib\Route->router()
#2 D:\item\frame\core\wxuns.php(15): core\lib\Route->__construct()
#3 D:\item\frame\index.php(21): core\wxuns::run()
#4 {main}
  thrown => D:\item\frame\core\lib\route.php line:54
[2017-09-25 13:15:03] error1:  Uncaught ErrorException: 页面不存在 in D:\item\frame\core\lib\route.php:54
Stack trace:
#0 D:\item\frame\core\lib\route.php(29): core\lib\Route->con('favicon.ico', Array)
#1 D:\item\frame\core\lib\route.php(14): core\lib\Route->router()
#2 D:\item\frame\core\wxuns.php(15): core\lib\Route->__construct()
#3 D:\item\frame\index.php(21): core\wxuns::run()
#4 {main}
  thrown => D:\item\frame\core\lib\route.php line:54
[2017-09-25 13:16:07] error1:  Uncaught ErrorException: 页面不存在 in D:\item\frame\core\lib\route.php:54
Stack trace:
#0 D:\item\frame\core\lib\route.php(29): core\lib\Route->con('favicon.ico', Array)
#1 D:\item\frame\core\lib\route.php(14): core\lib\Route->router()
#2 D:\item\frame\core\wxuns.php(15): core\lib\Route->__construct()
#3 D:\item\frame\index.php(21): core\wxuns::run()
#4 {main}
  thrown => D:\item\frame\core\lib\route.php line:54
[2017-09-25 13:16:16] error1:  Uncaught ErrorException: 页面不存在 in D:\item\frame\core\lib\route.php:54
Stack trace:
#0 D:\item\frame\core\lib\route.php(29): core\lib\Route->con('favicon.ico', Array)
#1 D:\item\frame\core\lib\route.php(14): core\lib\Route->router()
#2 D:\item\frame\core\wxuns.php(15): core\lib\Route->__construct()
#3 D:\item\frame\index.php(21): core\wxuns::run()
#4 {main}
  thrown => D:\item\frame\core\lib\route.php line:54
[2017-09-25 13:18:50] error1:  Uncaught ErrorException: 页面不存在 in D:\item\frame\core\lib\route.php:54
Stack trace:
#0 D:\item\frame\core\lib\route.php(29): core\lib\Route->con('favicon.ico', Array)
#1 D:\item\frame\core\lib\route.php(14): core\lib\Route->router()
#2 D:\item\frame\core\wxuns.php(15): core\lib\Route->__construct()
#3 D:\item\frame\index.php(21): core\wxuns::run()
#4 {main}
  thrown => D:\item\frame\core\lib\route.php line:54
[2017-09-25 13:18:54] error1:  Uncaught ErrorException: 页面不存在 in D:\item\frame\core\lib\route.php:54
Stack trace:
#0 D:\item\frame\core\lib\route.php(29): core\lib\Route->con('favicon.ico', Array)
#1 D:\item\frame\core\lib\route.php(14): core\lib\Route->router()
#2 D:\item\frame\core\wxuns.php(15): core\lib\Route->__construct()
#3 D:\item\frame\index.php(21): core\wxuns::run()
#4 {main}
  thrown => D:\item\frame\core\lib\route.php line:54
[2017-09-25 13:19:22] error1:  Uncaught ErrorException: 页面不存在 in D:\item\frame\core\lib\route.php:54
Stack trace:
#0 D:\item\frame\core\lib\route.php(29): core\lib\Route->con('favicon.ico', Array)
#1 D:\item\frame\core\lib\route.php(14): core\lib\Route->router()
#2 D:\item\frame\core\wxuns.php(15): core\lib\Route->__construct()
#3 D:\item\frame\index.php(21): core\wxuns::run()
#4 {main}
  thrown => D:\item\frame\core\lib\route.php line:54
[2017-09-25 13:20:15] error1:  Uncaught ErrorException: 页面不存在 in D:\item\frame\core\lib\route.php:54
Stack trace:
#0 D:\item\frame\core\lib\route.php(29): core\lib\Route->con('favicon.ico', Array)
#1 D:\item\frame\core\lib\route.php(14): core\lib\Route->router()
#2 D:\item\frame\core\wxuns.php(15): core\lib\Route->__construct()
#3 D:\item\frame\index.php(21): core\wxuns::run()
#4 {main}
  thrown => D:\item\frame\core\lib\route.php line:54
[2017-09-25 13:20:23] error1:  Uncaught ErrorException: 页面不存在 in D:\item\frame\core\lib\route.php:54
Stack trace:
#0 D:\item\frame\core\lib\route.php(29): core\lib\Route->con('favicon.ico', Array)
#1 D:\item\frame\core\lib\route.php(14): core\lib\Route->router()
#2 D:\item\frame\core\wxuns.php(15): core\lib\Route->__construct()
#3 D:\item\frame\index.php(21): core\wxuns::run()
#4 {main}
  thrown => D:\item\frame\core\lib\route.php line:54
[2017-09-25 13:20:46] error1:  Uncaught ErrorException: 页面不存在 in D:\item\frame\core\lib\route.php:54
Stack trace:
#0 D:\item\frame\core\lib\route.php(29): core\lib\Route->con('favicon.ico', Array)
#1 D:\item\frame\core\lib\route.php(14): core\lib\Route->router()
#2 D:\item\frame\core\wxuns.php(15): core\lib\Route->__construct()
#3 D:\item\frame\index.php(21): core\wxuns::run()
#4 {main}
  thrown => D:\item\frame\core\lib\route.php line:54
[2017-09-25 13:22:01] error1:  Uncaught ErrorException: 页面不存在 in D:\item\frame\core\lib\route.php:54
Stack trace:
#0 D:\item\frame\core\lib\route.php(29): core\lib\Route->con('favicon.ico', Array)
#1 D:\item\frame\core\lib\route.php(14): core\lib\Route->router()
#2 D:\item\frame\core\wxuns.php(15): core\lib\Route->__construct()
#3 D:\item\frame\index.php(21): core\wxuns::run()
#4 {main}
  thrown => D:\item\frame\core\lib\route.php line:54
[2017-09-25 13:22:38] error1:  Uncaught ErrorException: 页面不存在 in D:\item\frame\core\lib\route.php:54
Stack trace:
#0 D:\item\frame\core\lib\route.php(29): core\lib\Route->con('favicon.ico', Array)
#1 D:\item\frame\core\lib\route.php(14): core\lib\Route->router()
#2 D:\item\frame\core\wxuns.php(15): core\lib\Route->__construct()
#3 D:\item\frame\index.php(21): core\wxuns::run()
#4 {main}
  thrown => D:\item\frame\core\lib\route.php line:54
[2017-09-25 13:22:39] error1:  Uncaught ErrorException: 页面不存在 in D:\item\frame\core\lib\route.php:54
Stack trace:
#0 D:\item\frame\core\lib\route.php(29): core\lib\Route->con('favicon.ico', Array)
#1 D:\item\frame\core\lib\route.php(14): core\lib\Route->router()
#2 D:\item\frame\core\wxuns.php(15): core\lib\Route->__construct()
#3 D:\item\frame\index.php(21): core\wxuns::run()
#4 {main}
  thrown => D:\item\frame\core\lib\route.php line:54
[2017-09-25 13:22:39] error1:  Uncaught ErrorException: 页面不存在 in D:\item\frame\core\lib\route.php:54
Stack trace:
#0 D:\item\frame\core\lib\route.php(29): core\lib\Route->con('favicon.ico', Array)
#1 D:\item\frame\core\lib\route.php(14): core\lib\Route->router()
#2 D:\item\frame\core\wxuns.php(15): core\lib\Route->__construct()
#3 D:\item\frame\index.php(21): core\wxuns::run()
#4 {main}
  thrown => D:\item\frame\core\lib\route.php line:54
[2017-09-25 13:22:55] error1:  Uncaught ErrorException: 页面不存在 in D:\item\frame\core\lib\route.php:54
Stack trace:
#0 D:\item\frame\core\lib\route.php(29): core\lib\Route->con('favicon.ico', Array)
#1 D:\item\frame\core\lib\route.php(14): core\lib\Route->router()
#2 D:\item\frame\core\wxuns.php(15): core\lib\Route->__construct()
#3 D:\item\frame\index.php(21): core\wxuns::run()
#4 {main}
  thrown => D:\item\frame\core\lib\route.php line:54
[2017-09-25 13:22:55] error1:  Uncaught ErrorException: 页面不存在 in D:\item\frame\core\lib\route.php:54
Stack trace:
#0 D:\item\frame\core\lib\route.php(29): core\lib\Route->con('favicon.ico', Array)
#1 D:\item\frame\core\lib\route.php(14): core\lib\Route->router()
#2 D:\item\frame\core\wxuns.php(15): core\lib\Route->__construct()
#3 D:\item\frame\index.php(21): core\wxuns::run()
#4 {main}
  thrown => D:\item\frame\core\lib\route.php line:54
[2017-09-25 13:22:56] error1:  Uncaught ErrorException: 页面不存在 in D:\item\frame\core\lib\route.php:54
Stack trace:
#0 D:\item\frame\core\lib\route.php(29): core\lib\Route->con('favicon.ico', Array)
#1 D:\item\frame\core\lib\route.php(14): core\lib\Route->router()
#2 D:\item\frame\core\wxuns.php(15): core\lib\Route->__construct()
#3 D:\item\frame\index.php(21): core\wxuns::run()
#4 {main}
  thrown => D:\item\frame\core\lib\route.php line:54
[2017-09-25 13:24:14] error1:  Uncaught ErrorException: 页面不存在 in D:\item\frame\core\lib\route.php:54
Stack trace:
#0 D:\item\frame\core\lib\route.php(29): core\lib\Route->con('favicon.ico', Array)
#1 D:\item\frame\core\lib\route.php(14): core\lib\Route->router()
#2 D:\item\frame\core\wxuns.php(15): core\lib\Route->__construct()
#3 D:\item\frame\index.php(21): core\wxuns::run()
#4 {main}
  thrown => D:\item\frame\core\lib\route.php line:54
[2017-09-25 13:24:28] error1:  Uncaught ErrorException: 页面不存在 in D:\item\frame\core\lib\route.php:54
Stack trace:
#0 D:\item\frame\core\lib\route.php(29): core\lib\Route->con('favicon.ico', Array)
#1 D:\item\frame\core\lib\route.php(14): core\lib\Route->router()
#2 D:\item\frame\core\wxuns.php(15): core\lib\Route->__construct()
#3 D:\item\frame\index.php(21): core\wxuns::run()
#4 {main}
  thrown => D:\item\frame\core\lib\route.php line:54
[2017-09-25 13:26:27] error1:  Uncaught ErrorException: 页面不存在 in D:\item\frame\core\lib\route.php:54
Stack trace:
#0 D:\item\frame\core\lib\route.php(29): core\lib\Route->con('favicon.ico', Array)
#1 D:\item\frame\core\lib\route.php(14): core\lib\Route->router()
#2 D:\item\frame\core\wxuns.php(15): core\lib\Route->__construct()
#3 D:\item\frame\index.php(21): core\wxuns::run()
#4 {main}
  thrown => D:\item\frame\core\lib\route.php line:54
[2017-09-25 13:28:02] error1:  Uncaught Error: Call to undefined function app\controller\dd() in D:\item\frame\app\controller\IndexController.php:6
Stack trace:
#0 D:\item\frame\core\wxuns.php(20): app\controller\IndexController->index()
#1 D:\item\frame\index.php(20): core\wxuns::run()
#2 {main}
  thrown => D:\item\frame\app\controller\IndexController.php line:6
[2017-09-25 13:28:03] error1:  Uncaught ErrorException: 页面不存在 in D:\item\frame\core\lib\route.php:54
Stack trace:
#0 D:\item\frame\core\lib\route.php(29): core\lib\Route->con('favicon.ico', Array)
#1 D:\item\frame\core\lib\route.php(14): core\lib\Route->router()
#2 D:\item\frame\core\wxuns.php(15): core\lib\Route->__construct()
#3 D:\item\frame\index.php(20): core\wxuns::run()
#4 {main}
  thrown => D:\item\frame\core\lib\route.php line:54
[2017-09-25 13:28:11] error1:  Uncaught ErrorException: 页面不存在 in D:\item\frame\core\lib\route.php:54
Stack trace:
#0 D:\item\frame\core\lib\route.php(29): core\lib\Route->con('favicon.ico', Array)
#1 D:\item\frame\core\lib\route.php(14): core\lib\Route->router()
#2 D:\item\frame\core\wxuns.php(15): core\lib\Route->__construct()
#3 D:\item\frame\index.php(20): core\wxuns::run()
#4 {main}
  thrown => D:\item\frame\core\lib\route.php line:54
[2017-09-25 13:29:53] error1:  Uncaught ErrorException: 页面不存在 in D:\item\frame\core\lib\route.php:54
Stack trace:
#0 D:\item\frame\core\lib\route.php(29): core\lib\Route->con('favicon.ico', Array)
#1 D:\item\frame\core\lib\route.php(14): core\lib\Route->router()
#2 D:\item\frame\core\wxuns.php(15): core\lib\Route->__construct()
#3 D:\item\frame\index.php(20): core\wxuns::run()
#4 {main}
  thrown => D:\item\frame\core\lib\route.php line:54
[2017-09-25 13:31:25] error1:  Uncaught ErrorException: 页面不存在 in D:\item\frame\core\lib\route.php:54
Stack trace:
#0 D:\item\frame\core\lib\route.php(29): core\lib\Route->con('favicon.ico', Array)
#1 D:\item\frame\core\lib\route.php(14): core\lib\Route->router()
#2 D:\item\frame\core\wxuns.php(15): core\lib\Route->__construct()
#3 D:\item\frame\index.php(20): core\wxuns::run()
#4 {main}
  thrown => D:\item\frame\core\lib\route.php line:54
[2017-09-25 13:32:19] error1:  Uncaught ErrorException: 页面不存在 in D:\item\frame\core\lib\route.php:54
Stack trace:
#0 D:\item\frame\core\lib\route.php(29): core\lib\Route->con('favicon.ico', Array)
#1 D:\item\frame\core\lib\route.php(14): core\lib\Route->router()
#2 D:\item\frame\core\wxuns.php(15): core\lib\Route->__construct()
#3 D:\item\frame\index.php(18): core\wxuns::run()
#4 {main}
  thrown => D:\item\frame\core\lib\route.php line:54
[2017-09-25 13:34:38] error1:  Uncaught ErrorException: 页面不存在 in D:\item\frame\core\lib\route.php:54
Stack trace:
#0 D:\item\frame\core\lib\route.php(29): core\lib\Route->con('favicon.ico', Array)
#1 D:\item\frame\core\lib\route.php(14): core\lib\Route->router()
#2 D:\item\frame\core\wxuns.php(15): core\lib\Route->__construct()
#3 D:\item\frame\index.php(18): core\wxuns::run()
#4 {main}
  thrown => D:\item\frame\core\lib\route.php line:54
[2017-09-25 13:37:33] error1:  Uncaught ErrorException: 页面不存在 in D:\item\frame\core\lib\route.php:54
Stack trace:
#0 D:\item\frame\core\lib\route.php(29): core\lib\Route->con('favicon.ico', Array)
#1 D:\item\frame\core\lib\route.php(14): core\lib\Route->router()
#2 D:\item\frame\core\wxuns.php(15): core\lib\Route->__construct()
#3 D:\item\frame\index.php(20): core\wxuns::run()
#4 {main}
  thrown => D:\item\frame\core\lib\route.php line:54
[2017-09-25 13:37:48] error1:  Uncaught ErrorException: 页面不存在 in D:\item\frame\core\lib\route.php:54
Stack trace:
#0 D:\item\frame\core\lib\route.php(29): core\lib\Route->con('favicon.ico', Array)
#1 D:\item\frame\core\lib\route.php(14): core\lib\Route->router()
#2 D:\item\frame\core\wxuns.php(15): core\lib\Route->__construct()
#3 D:\item\frame\index.php(20): core\wxuns::run()
#4 {main}
  thrown => D:\item\frame\core\lib\route.php line:54
[2017-09-25 13:37:50] error1:  Uncaught ErrorException: 页面不存在 in D:\item\frame\core\lib\route.php:54
Stack trace:
#0 D:\item\frame\core\lib\route.php(29): core\lib\Route->con('favicon.ico', Array)
#1 D:\item\frame\core\lib\route.php(14): core\lib\Route->router()
#2 D:\item\frame\core\wxuns.php(15): core\lib\Route->__construct()
#3 D:\item\frame\index.php(20): core\wxuns::run()
#4 {main}
  thrown => D:\item\frame\core\lib\route.php line:54
[2017-09-25 13:38:37] error1:  Uncaught ErrorException: 页面不存在 in D:\item\frame\core\lib\route.php:54
Stack trace:
#0 D:\item\frame\core\lib\route.php(29): core\lib\Route->con('favicon.ico', Array)
#1 D:\item\frame\core\lib\route.php(14): core\lib\Route->router()
#2 D:\item\frame\core\wxuns.php(15): core\lib\Route->__construct()
#3 D:\item\frame\index.php(20): core\wxuns::run()
#4 {main}
  thrown => D:\item\frame\core\lib\route.php line:54
[2017-09-25 13:41:01] error1:  Uncaught ErrorException: 页面不存在 in D:\item\frame\core\lib\route.php:54
Stack trace:
#0 D:\item\frame\core\lib\route.php(29): core\lib\Route->con('favicon.ico', Array)
#1 D:\item\frame\core\lib\route.php(14): core\lib\Route->router()
#2 D:\item\frame\core\wxuns.php(15): core\lib\Route->__construct()
#3 D:\item\frame\index.php(20): core\wxuns::run()
#4 {main}
  thrown => D:\item\frame\core\lib\route.php line:54
[2017-09-25 13:41:26] error1:  Uncaught ErrorException: 页面不存在 in D:\item\frame\core\lib\route.php:54
Stack trace:
#0 D:\item\frame\core\lib\route.php(29): core\lib\Route->con('favicon.ico', Array)
#1 D:\item\frame\core\lib\route.php(14): core\lib\Route->router()
#2 D:\item\frame\core\wxuns.php(15): core\lib\Route->__construct()
#3 D:\item\frame\index.php(20): core\wxuns::run()
#4 {main}
  thrown => D:\item\frame\core\lib\route.php line:54
[2017-09-25 13:41:31] error1:  Uncaught ErrorException: 页面不存在 in D:\item\frame\core\lib\route.php:54
Stack trace:
#0 D:\item\frame\core\lib\route.php(29): core\lib\Route->con('favicon.ico', Array)
#1 D:\item\frame\core\lib\route.php(14): core\lib\Route->router()
#2 D:\item\frame\core\wxuns.php(15): core\lib\Route->__construct()
#3 D:\item\frame\index.php(20): core\wxuns::run()
#4 {main}
  thrown => D:\item\frame\core\lib\route.php line:54
[2017-09-25 13:44:23] error1:  Uncaught ErrorException: 页面不存在 in D:\item\frame\core\lib\route.php:54
Stack trace:
#0 D:\item\frame\core\lib\route.php(29): core\lib\Route->con('favicon.ico', Array)
#1 D:\item\frame\core\lib\route.php(14): core\lib\Route->router()
#2 D:\item\frame\core\wxuns.php(15): core\lib\Route->__construct()
#3 D:\item\frame\index.php(20): core\wxuns::run()
#4 {main}
  thrown => D:\item\frame\core\lib\route.php line:54
[2017-09-25 13:46:03] error1:  Uncaught ErrorException: 页面不存在 in D:\item\frame\core\lib\route.php:54
Stack trace:
#0 D:\item\frame\core\lib\route.php(29): core\lib\Route->con('favicon.ico', Array)
#1 D:\item\frame\core\lib\route.php(14): core\lib\Route->router()
#2 D:\item\frame\core\wxuns.php(15): core\lib\Route->__construct()
#3 D:\item\frame\index.php(20): core\wxuns::run()
#4 {main}
  thrown => D:\item\frame\core\lib\route.php line:54
[2017-09-25 13:47:18] error1:  Uncaught ErrorException: 页面不存在 in D:\item\frame\core\lib\route.php:54
Stack trace:
#0 D:\item\frame\core\lib\route.php(29): core\lib\Route->con('favicon.ico', Array)
#1 D:\item\frame\core\lib\route.php(14): core\lib\Route->router()
#2 D:\item\frame\core\wxuns.php(15): core\lib\Route->__construct()
#3 D:\item\frame\index.php(20): core\wxuns::run()
#4 {main}
  thrown => D:\item\frame\core\lib\route.php line:54
[2017-09-25 13:47:20] error1:  Uncaught ErrorException: 页面不存在 in D:\item\frame\core\lib\route.php:54
Stack trace:
#0 D:\item\frame\core\lib\route.php(29): core\lib\Route->con('favicon.ico', Array)
#1 D:\item\frame\core\lib\route.php(14): core\lib\Route->router()
#2 D:\item\frame\core\wxuns.php(15): core\lib\Route->__construct()
#3 D:\item\frame\index.php(20): core\wxuns::run()
#4 {main}
  thrown => D:\item\frame\core\lib\route.php line:54
[2017-09-25 13:47:45] error1:  Uncaught ErrorException: 页面不存在 in D:\item\frame\core\lib\route.php:54
Stack trace:
#0 D:\item\frame\core\lib\route.php(29): core\lib\Route->con('favicon.ico', Array)
#1 D:\item\frame\core\lib\route.php(14): core\lib\Route->router()
#2 D:\item\frame\core\wxuns.php(15): core\lib\Route->__construct()
#3 D:\item\frame\index.php(20): core\wxuns::run()
#4 {main}
  thrown => D:\item\frame\core\lib\route.php line:54
[2017-09-25 13:48:39] error1:  Uncaught ErrorException: 页面不存在 in D:\item\frame\core\lib\route.php:54
Stack trace:
#0 D:\item\frame\core\lib\route.php(29): core\lib\Route->con('favicon.ico', Array)
#1 D:\item\frame\core\lib\route.php(14): core\lib\Route->router()
#2 D:\item\frame\core\wxuns.php(15): core\lib\Route->__construct()
#3 D:\item\frame\index.php(20): core\wxuns::run()
#4 {main}
  thrown => D:\item\frame\core\lib\route.php line:54
[2017-09-25 13:48:45] error1:  Uncaught ErrorException: 页面不存在 in D:\item\frame\core\lib\route.php:54
Stack trace:
#0 D:\item\frame\core\lib\route.php(29): core\lib\Route->con('favicon.ico', Array)
#1 D:\item\frame\core\lib\route.php(14): core\lib\Route->router()
#2 D:\item\frame\core\wxuns.php(15): core\lib\Route->__construct()
#3 D:\item\frame\index.php(20): core\wxuns::run()
#4 {main}
  thrown => D:\item\frame\core\lib\route.php line:54
[2017-09-25 13:49:09] error1:  Uncaught ErrorException: 页面不存在 in D:\item\frame\core\lib\route.php:54
Stack trace:
#0 D:\item\frame\core\lib\route.php(29): core\lib\Route->con('favicon.ico', Array)
#1 D:\item\frame\core\lib\route.php(14): core\lib\Route->router()
#2 D:\item\frame\core\wxuns.php(15): core\lib\Route->__construct()
#3 D:\item\frame\index.php(20): core\wxuns::run()
#4 {main}
  thrown => D:\item\frame\core\lib\route.php line:54
[2017-09-25 13:49:11] error1:  Uncaught ErrorException: 页面不存在 in D:\item\frame\core\lib\route.php:54
Stack trace:
#0 D:\item\frame\core\lib\route.php(29): core\lib\Route->con('favicon.ico', Array)
#1 D:\item\frame\core\lib\route.php(14): core\lib\Route->router()
#2 D:\item\frame\core\wxuns.php(15): core\lib\Route->__construct()
#3 D:\item\frame\index.php(20): core\wxuns::run()
#4 {main}
  thrown => D:\item\frame\core\lib\route.php line:54
[2017-09-25 13:53:59] error1:  Uncaught ErrorException: 页面不存在 in D:\item\frame\core\lib\route.php:54
Stack trace:
#0 D:\item\frame\core\lib\route.php(29): core\lib\Route->con('favicon.ico', Array)
#1 D:\item\frame\core\lib\route.php(14): core\lib\Route->router()
#2 D:\item\frame\core\wxuns.php(18): core\lib\Route->__construct()
#3 D:\item\frame\index.php(20): core\wxuns::run()
#4 {main}
  thrown => D:\item\frame\core\lib\route.php line:54
[2017-09-25 13:54:35] error1:  Uncaught ErrorException: 页面不存在 in D:\item\frame\core\lib\route.php:54
Stack trace:
#0 D:\item\frame\core\lib\route.php(29): core\lib\Route->con('favicon.ico', Array)
#1 D:\item\frame\core\lib\route.php(14): core\lib\Route->router()
#2 D:\item\frame\core\wxuns.php(19): core\lib\Route->__construct()
#3 D:\item\frame\index.php(20): core\wxuns::run()
#4 {main}
  thrown => D:\item\frame\core\lib\route.php line:54
[2017-09-25 13:56:14] error1:  Uncaught ErrorException: 页面不存在 in D:\item\frame\core\lib\route.php:54
Stack trace:
#0 D:\item\frame\core\lib\route.php(29): core\lib\Route->con('favicon.ico', Array)
#1 D:\item\frame\core\lib\route.php(14): core\lib\Route->router()
#2 D:\item\frame\core\wxuns.php(19): core\lib\Route->__construct()
#3 D:\item\frame\index.php(20): core\wxuns::run()
#4 {main}
  thrown => D:\item\frame\core\lib\route.php line:54
[2017-09-25 13:56:16] error1:  Uncaught ErrorException: 页面不存在 in D:\item\frame\core\lib\route.php:54
Stack trace:
#0 D:\item\frame\core\lib\route.php(29): core\lib\Route->con('favicon.ico', Array)
#1 D:\item\frame\core\lib\route.php(14): core\lib\Route->router()
#2 D:\item\frame\core\wxuns.php(19): core\lib\Route->__construct()
#3 D:\item\frame\index.php(20): core\wxuns::run()
#4 {main}
  thrown => D:\item\frame\core\lib\route.php line:54
[2017-09-25 13:56:36] error1:  Uncaught ErrorException: 页面不存在 in D:\item\frame\core\lib\route.php:54
Stack trace:
#0 D:\item\frame\core\lib\route.php(29): core\lib\Route->con('favicon.ico', Array)
#1 D:\item\frame\core\lib\route.php(14): core\lib\Route->router()
#2 D:\item\frame\core\wxuns.php(19): core\lib\Route->__construct()
#3 D:\item\frame\index.php(20): core\wxuns::run()
#4 {main}
  thrown => D:\item\frame\core\lib\route.php line:54
[2017-09-25 13:56:52] error1:  Uncaught ErrorException: 页面不存在 in D:\item\frame\core\lib\route.php:54
Stack trace:
#0 D:\item\frame\core\lib\route.php(29): core\lib\Route->con('favicon.ico', Array)
#1 D:\item\frame\core\lib\route.php(14): core\lib\Route->router()
#2 D:\item\frame\core\wxuns.php(19): core\lib\Route->__construct()
#3 D:\item\frame\index.php(20): core\wxuns::run()
#4 {main}
  thrown => D:\item\frame\core\lib\route.php line:54
[2017-09-25 13:56:53] error1:  Uncaught ErrorException: 页面不存在 in D:\item\frame\core\lib\route.php:54
Stack trace:
#0 D:\item\frame\core\lib\route.php(29): core\lib\Route->con('favicon.ico', Array)
#1 D:\item\frame\core\lib\route.php(14): core\lib\Route->router()
#2 D:\item\frame\core\wxuns.php(19): core\lib\Route->__construct()
#3 D:\item\frame\index.php(20): core\wxuns::run()
#4 {main}
  thrown => D:\item\frame\core\lib\route.php line:54
[2017-09-25 13:57:12] error1:  Uncaught ErrorException: 页面不存在 in D:\item\frame\core\lib\route.php:54
Stack trace:
#0 D:\item\frame\core\lib\route.php(29): core\lib\Route->con('favicon.ico', Array)
#1 D:\item\frame\core\lib\route.php(14): core\lib\Route->router()
#2 D:\item\frame\core\wxuns.php(19): core\lib\Route->__construct()
#3 D:\item\frame\index.php(20): core\wxuns::run()
#4 {main}
  thrown => D:\item\frame\core\lib\route.php line:54
[2017-09-25 13:57:48] error1:  Uncaught ErrorException: 没有找到这样的配置 in D:\item\frame\core\lib\config.php:31
Stack trace:
#0 D:\item\frame\core\lib\debug.php(5): core\lib\Config::get('D:\\item\\frame/c...', 'LOG')
#1 D:\item\frame\core\wxuns.php(17): core\lib\Debug->__construct()
#2 D:\item\frame\index.php(20): core\wxuns::run()
#3 {main}
  thrown => D:\item\frame\core\lib\config.php line:31
[2017-09-25 13:57:48] error1:  Uncaught ErrorException: 没有找到这样的配置 in D:\item\frame\core\lib\config.php:31
Stack trace:
#0 D:\item\frame\core\lib\debug.php(5): core\lib\Config::get('D:\\item\\frame/c...', 'LOG')
#1 D:\item\frame\core\wxuns.php(17): core\lib\Debug->__construct()
#2 D:\item\frame\index.php(20): core\wxuns::run()
#3 {main}
  thrown => D:\item\frame\core\lib\config.php line:31
[2017-09-25 13:57:59] error1:  Uncaught ErrorException: 页面不存在 in D:\item\frame\core\lib\route.php:54
Stack trace:
#0 D:\item\frame\core\lib\route.php(29): core\lib\Route->con('favicon.ico', Array)
#1 D:\item\frame\core\lib\route.php(14): core\lib\Route->router()
#2 D:\item\frame\core\wxuns.php(19): core\lib\Route->__construct()
#3 D:\item\frame\index.php(20): core\wxuns::run()
#4 {main}
  thrown => D:\item\frame\core\lib\route.php line:54
[2017-09-25 13:58:25] error1:  Uncaught ErrorException: 页面不存在 in D:\item\frame\core\lib\route.php:54
Stack trace:
#0 D:\item\frame\core\lib\route.php(29): core\lib\Route->con('favicon.ico', Array)
#1 D:\item\frame\core\lib\route.php(14): core\lib\Route->router()
#2 D:\item\frame\core\wxuns.php(19): core\lib\Route->__construct()
#3 D:\item\frame\index.php(20): core\wxuns::run()
#4 {main}
  thrown => D:\item\frame\core\lib\route.php line:54
[2017-09-25 13:58:32] error1:  Uncaught ErrorException: 页面不存在 in D:\item\frame\core\lib\route.php:54
Stack trace:
#0 D:\item\frame\core\lib\route.php(29): core\lib\Route->con('favicon.ico', Array)
#1 D:\item\frame\core\lib\route.php(14): core\lib\Route->router()
#2 D:\item\frame\core\wxuns.php(19): core\lib\Route->__construct()
#3 D:\item\frame\index.php(20): core\wxuns::run()
#4 {main}
  thrown => D:\item\frame\core\lib\route.php line:54
[2017-09-25 13:58:43] error1:  Uncaught ErrorException: 页面不存在 in D:\item\frame\core\lib\route.php:54
Stack trace:
#0 D:\item\frame\core\lib\route.php(29): core\lib\Route->con('favicon.ico', Array)
#1 D:\item\frame\core\lib\route.php(14): core\lib\Route->router()
#2 D:\item\frame\core\wxuns.php(19): core\lib\Route->__construct()
#3 D:\item\frame\index.php(20): core\wxuns::run()
#4 {main}
  thrown => D:\item\frame\core\lib\route.php line:54
[2017-09-25 13:59:07] error1:  Uncaught ErrorException: 页面不存在 in D:\item\frame\core\lib\route.php:54
Stack trace:
#0 D:\item\frame\core\lib\route.php(29): core\lib\Route->con('favicon.ico', Array)
#1 D:\item\frame\core\lib\route.php(14): core\lib\Route->router()
#2 D:\item\frame\core\wxuns.php(19): core\lib\Route->__construct()
#3 D:\item\frame\index.php(20): core\wxuns::run()
#4 {main}
  thrown => D:\item\frame\core\lib\route.php line:54
[2017-09-25 13:59:29] error1:  Uncaught ErrorException: 页面不存在 in D:\item\frame\core\lib\route.php:54
Stack trace:
#0 D:\item\frame\core\lib\route.php(29): core\lib\Route->con('favicon.ico', Array)
#1 D:\item\frame\core\lib\route.php(14): core\lib\Route->router()
#2 D:\item\frame\core\wxuns.php(19): core\lib\Route->__construct()
#3 D:\item\frame\index.php(20): core\wxuns::run()
#4 {main}
  thrown => D:\item\frame\core\lib\route.php line:54
[2017-09-25 13:59:47] error1:  Uncaught ErrorException: 页面不存在 in D:\item\frame\core\lib\route.php:54
Stack trace:
#0 D:\item\frame\core\lib\route.php(29): core\lib\Route->con('favicon.ico', Array)
#1 D:\item\frame\core\lib\route.php(14): core\lib\Route->router()
#2 D:\item\frame\core\wxuns.php(19): core\lib\Route->__construct()
#3 D:\item\frame\index.php(20): core\wxuns::run()
#4 {main}
  thrown => D:\item\frame\core\lib\route.php line:54
[2017-09-25 13:59:49] error1:  Uncaught ErrorException: 页面不存在 in D:\item\frame\core\lib\route.php:54
Stack trace:
#0 D:\item\frame\core\lib\route.php(29): core\lib\Route->con('favicon.ico', Array)
#1 D:\item\frame\core\lib\route.php(14): core\lib\Route->router()
#2 D:\item\frame\core\wxuns.php(19): core\lib\Route->__construct()
#3 D:\item\frame\index.php(20): core\wxuns::run()
#4 {main}
  thrown => D:\item\frame\core\lib\route.php line:54
[2017-09-25 14:00:36] error1:  Uncaught ErrorException: 页面不存在 in D:\item\frame\core\lib\route.php:54
Stack trace:
#0 D:\item\frame\core\lib\route.php(29): core\lib\Route->con('favicon.ico', Array)
#1 D:\item\frame\core\lib\route.php(14): core\lib\Route->router()
#2 D:\item\frame\core\wxuns.php(19): core\lib\Route->__construct()
#3 D:\item\frame\index.php(20): core\wxuns::run()
#4 {main}
  thrown => D:\item\frame\core\lib\route.php line:54
[2017-09-25 14:00:48] error1:  Uncaught ErrorException: 页面不存在 in D:\item\frame\core\lib\route.php:54
Stack trace:
#0 D:\item\frame\core\lib\route.php(29): core\lib\Route->con('favicon.ico', Array)
#1 D:\item\frame\core\lib\route.php(14): core\lib\Route->router()
#2 D:\item\frame\core\wxuns.php(19): core\lib\Route->__construct()
#3 D:\item\frame\index.php(20): core\wxuns::run()
#4 {main}
  thrown => D:\item\frame\core\lib\route.php line:54
[2017-09-25 14:01:06] error1:  Uncaught ErrorException: 页面不存在 in D:\item\frame\core\lib\route.php:54
Stack trace:
#0 D:\item\frame\core\lib\route.php(29): core\lib\Route->con('favicon.ico', Array)
#1 D:\item\frame\core\lib\route.php(14): core\lib\Route->router()
#2 D:\item\frame\core\wxuns.php(19): core\lib\Route->__construct()
#3 D:\item\frame\index.php(20): core\wxuns::run()
#4 {main}
  thrown => D:\item\frame\core\lib\route.php line:54
[2017-09-25 14:01:19] error1:  Uncaught ErrorException: 页面不存在 in D:\item\frame\core\lib\route.php:54
Stack trace:
#0 D:\item\frame\core\lib\route.php(29): core\lib\Route->con('favicon.ico', Array)
#1 D:\item\frame\core\lib\route.php(14): core\lib\Route->router()
#2 D:\item\frame\core\wxuns.php(19): core\lib\Route->__construct()
#3 D:\item\frame\index.php(20): core\wxuns::run()
#4 {main}
  thrown => D:\item\frame\core\lib\route.php line:54
[2017-09-25 14:02:07] error1:  Uncaught ErrorException: 页面不存在 in D:\item\frame\core\lib\route.php:54
Stack trace:
#0 D:\item\frame\core\lib\route.php(29): core\lib\Route->con('favicon.ico', Array)
#1 D:\item\frame\core\lib\route.php(14): core\lib\Route->router()
#2 D:\item\frame\core\wxuns.php(19): core\lib\Route->__construct()
#3 D:\item\frame\index.php(20): core\wxuns::run()
#4 {main}
  thrown => D:\item\frame\core\lib\route.php line:54
[2017-09-25 14:02:08] error1:  Uncaught ErrorException: 页面不存在 in D:\item\frame\core\lib\route.php:54
Stack trace:
#0 D:\item\frame\core\lib\route.php(29): core\lib\Route->con('favicon.ico', Array)
#1 D:\item\frame\core\lib\route.php(14): core\lib\Route->router()
#2 D:\item\frame\core\wxuns.php(19): core\lib\Route->__construct()
#3 D:\item\frame\index.php(20): core\wxuns::run()
#4 {main}
  thrown => D:\item\frame\core\lib\route.php line:54
[2017-09-25 14:02:09] error1:  Uncaught ErrorException: 页面不存在 in D:\item\frame\core\lib\route.php:54
Stack trace:
#0 D:\item\frame\core\lib\route.php(29): core\lib\Route->con('favicon.ico', Array)
#1 D:\item\frame\core\lib\route.php(14): core\lib\Route->router()
#2 D:\item\frame\core\wxuns.php(19): core\lib\Route->__construct()
#3 D:\item\frame\index.php(20): core\wxuns::run()
#4 {main}
  thrown => D:\item\frame\core\lib\route.php line:54
[2017-09-25 14:02:10] error1:  Uncaught ErrorException: 页面不存在 in D:\item\frame\core\lib\route.php:54
Stack trace:
#0 D:\item\frame\core\lib\route.php(29): core\lib\Route->con('favicon.ico', Array)
#1 D:\item\frame\core\lib\route.php(14): core\lib\Route->router()
#2 D:\item\frame\core\wxuns.php(19): core\lib\Route->__construct()
#3 D:\item\frame\index.php(20): core\wxuns::run()
#4 {main}
  thrown => D:\item\frame\core\lib\route.php line:54
[2017-09-25 14:02:56] error1:  Uncaught ErrorException: 页面不存在 in D:\item\frame\core\lib\route.php:54
Stack trace:
#0 D:\item\frame\core\lib\route.php(29): core\lib\Route->con('favicon.ico', Array)
#1 D:\item\frame\core\lib\route.php(14): core\lib\Route->router()
#2 D:\item\frame\core\wxuns.php(19): core\lib\Route->__construct()
#3 D:\item\frame\index.php(20): core\wxuns::run()
#4 {main}
  thrown => D:\item\frame\core\lib\route.php line:54
[2017-09-25 14:03:07] error1:  Uncaught ErrorException: 页面不存在 in D:\item\frame\core\lib\route.php:54
Stack trace:
#0 D:\item\frame\core\lib\route.php(29): core\lib\Route->con('favicon.ico', Array)
#1 D:\item\frame\core\lib\route.php(14): core\lib\Route->router()
#2 D:\item\frame\core\wxuns.php(19): core\lib\Route->__construct()
#3 D:\item\frame\index.php(20): core\wxuns::run()
#4 {main}
  thrown => D:\item\frame\core\lib\route.php line:54
[2017-09-25 14:03:23] error1:  Uncaught ErrorException: 页面不存在 in D:\item\frame\core\lib\route.php:54
Stack trace:
#0 D:\item\frame\core\lib\route.php(29): core\lib\Route->con('favicon.ico', Array)
#1 D:\item\frame\core\lib\route.php(14): core\lib\Route->router()
#2 D:\item\frame\core\wxuns.php(18): core\lib\Route->__construct()
#3 D:\item\frame\index.php(20): core\wxuns::run()
#4 {main}
  thrown => D:\item\frame\core\lib\route.php line:54
[2017-09-25 14:06:54] error1:  Uncaught ErrorException: 页面不存在 in D:\item\frame\core\lib\route.php:54
Stack trace:
#0 D:\item\frame\core\lib\route.php(29): core\lib\Route->con('favicon.ico', Array)
#1 D:\item\frame\core\lib\route.php(14): core\lib\Route->router()
#2 D:\item\frame\core\wxuns.php(18): core\lib\Route->__construct()
#3 D:\item\frame\index.php(23): core\wxuns::run()
#4 {main}
  thrown => D:\item\frame\core\lib\route.php line:54
[2017-09-25 14:07:03] error1:  Uncaught Error: Call to undefined function app\controller\wqe() in D:\item\frame\app\controller\IndexController.php:4
Stack trace:
#0 D:\item\frame\core\wxuns.php(23): app\controller\IndexController->index()
#1 D:\item\frame\index.php(23): core\wxuns::run()
#2 {main}
  thrown => D:\item\frame\app\controller\IndexController.php line:4
[2017-09-25 14:07:03] error1:  Uncaught ErrorException: 页面不存在 in D:\item\frame\core\lib\route.php:54
Stack trace:
#0 D:\item\frame\core\lib\route.php(29): core\lib\Route->con('favicon.ico', Array)
#1 D:\item\frame\core\lib\route.php(14): core\lib\Route->router()
#2 D:\item\frame\core\wxuns.php(18): core\lib\Route->__construct()
#3 D:\item\frame\index.php(23): core\wxuns::run()
#4 {main}
  thrown => D:\item\frame\core\lib\route.php line:54
[2017-09-25 14:08:02] error1:  Uncaught Error: Call to undefined function app\controller\wqe() in D:\item\frame\app\controller\IndexController.php:4
Stack trace:
#0 D:\item\frame\core\wxuns.php(23): app\controller\IndexController->index()
#1 D:\item\frame\index.php(20): core\wxuns::run()
#2 {main}
  thrown => D:\item\frame\app\controller\IndexController.php line:4
[2017-09-25 14:08:02] error1:  Uncaught ErrorException: 页面不存在 in D:\item\frame\core\lib\route.php:54
Stack trace:
#0 D:\item\frame\core\lib\route.php(29): core\lib\Route->con('favicon.ico', Array)
#1 D:\item\frame\core\lib\route.php(14): core\lib\Route->router()
#2 D:\item\frame\core\wxuns.php(18): core\lib\Route->__construct()
#3 D:\item\frame\index.php(20): core\wxuns::run()
#4 {main}
  thrown => D:\item\frame\core\lib\route.php line:54
[2017-09-25 14:11:52] error1:  Uncaught Error: Call to undefined function app\controller\wqe() in D:\item\frame\app\controller\IndexController.php:4
Stack trace:
#0 D:\item\frame\core\wxuns.php(23): app\controller\IndexController->index()
#1 D:\item\frame\index.php(20): core\wxuns::run()
#2 {main}
  thrown => D:\item\frame\app\controller\IndexController.php line:4
[2017-09-25 14:11:53] error1:  Uncaught ErrorException: 页面不存在 in D:\item\frame\core\lib\route.php:54
Stack trace:
#0 D:\item\frame\core\lib\route.php(29): core\lib\Route->con('favicon.ico', Array)
#1 D:\item\frame\core\lib\route.php(14): core\lib\Route->router()
#2 D:\item\frame\core\wxuns.php(18): core\lib\Route->__construct()
#3 D:\item\frame\index.php(20): core\wxuns::run()
#4 {main}
  thrown => D:\item\frame\core\lib\route.php line:54
[2017-09-25 15:07:15] error1:  Uncaught ErrorException: 页面不存在 in D:\item\frame\core\lib\route.php:54
Stack trace:
#0 D:\item\frame\core\lib\route.php(29): core\lib\Route->con('favicon.ico', Array)
#1 D:\item\frame\core\lib\route.php(14): core\lib\Route->router()
#2 D:\item\frame\core\wxuns.php(18): core\lib\Route->__construct()
#3 D:\item\frame\index.php(20): core\wxuns::run()
#4 {main}
  thrown => D:\item\frame\core\lib\route.php line:54
[2017-09-25 16:46:34] error1:  Uncaught ErrorException: 页面不存在 in D:\item\frame\core\lib\route.php:54
Stack trace:
#0 D:\item\frame\core\lib\route.php(29): core\lib\Route->con('favicon.ico', Array)
#1 D:\item\frame\core\lib\route.php(14): core\lib\Route->router()
#2 D:\item\frame\core\wxuns.php(18): core\lib\Route->__construct()
#3 D:\item\frame\index.php(20): core\wxuns::run()
#4 {main}
  thrown => D:\item\frame\core\lib\route.php line:54
[2017-09-25 20:02:25] error1:  Uncaught ErrorException: 页面不存在 in D:\item\frame\core\lib\route.php:54
Stack trace:
#0 D:\item\frame\core\lib\route.php(29): core\lib\Route->con('favicon.ico', Array)
#1 D:\item\frame\core\lib\route.php(14): core\lib\Route->router()
#2 D:\item\frame\core\wxuns.php(18): core\lib\Route->__construct()
#3 D:\item\frame\index.php(20): core\wxuns::run()
#4 {main}
  thrown => D:\item\frame\core\lib\route.php line:54
[2017-09-25 21:17:52] error1:  Uncaught ErrorException: 页面不存在 in D:\item\frame\core\lib\route.php:54
Stack trace:
#0 D:\item\frame\core\lib\route.php(29): core\lib\Route->con('favicon.ico', Array)
#1 D:\item\frame\core\lib\route.php(14): core\lib\Route->router()
#2 D:\item\frame\core\wxuns.php(18): core\lib\Route->__construct()
#3 D:\item\frame\index.php(20): core\wxuns::run()
#4 {main}
  thrown => D:\item\frame\core\lib\route.php line:54
[2017-09-25 21:51:37] error1:  Uncaught ErrorException: 页面不存在 in D:\item\frame\core\lib\route.php:54
Stack trace:
#0 D:\item\frame\core\lib\route.php(29): core\lib\Route->con('favicon.ico', Array)
#1 D:\item\frame\core\lib\route.php(14): core\lib\Route->router()
#2 D:\item\frame\core\wxuns.php(18): core\lib\Route->__construct()
#3 D:\item\frame\index.php(20): core\wxuns::run()
#4 {main}
  thrown => D:\item\frame\core\lib\route.php line:54
[2017-09-25 21:51:39] error1:  Uncaught ErrorException: 页面不存在 in D:\item\frame\core\lib\route.php:54
Stack trace:
#0 D:\item\frame\core\lib\route.php(29): core\lib\Route->con('favicon.ico', Array)
#1 D:\item\frame\core\lib\route.php(14): core\lib\Route->router()
#2 D:\item\frame\core\wxuns.php(18): core\lib\Route->__construct()
#3 D:\item\frame\index.php(20): core\wxuns::run()
#4 {main}
  thrown => D:\item\frame\core\lib\route.php line:54
[2017-09-25 21:52:30] error1:  Uncaught ErrorException: 页面不存在 in D:\item\frame\core\lib\route.php:54
Stack trace:
#0 D:\item\frame\core\lib\route.php(29): core\lib\Route->con('favicon.ico', Array)
#1 D:\item\frame\core\lib\route.php(14): core\lib\Route->router()
#2 D:\item\frame\core\wxuns.php(18): core\lib\Route->__construct()
#3 D:\item\frame\index.php(20): core\wxuns::run()
#4 {main}
  thrown => D:\item\frame\core\lib\route.php line:54
[2017-09-25 21:53:04] error1:  Uncaught ErrorException: 页面不存在 in D:\item\frame\core\lib\route.php:54
Stack trace:
#0 D:\item\frame\core\lib\route.php(29): core\lib\Route->con('favicon.ico', Array)
#1 D:\item\frame\core\lib\route.php(14): core\lib\Route->router()
#2 D:\item\frame\core\wxuns.php(18): core\lib\Route->__construct()
#3 D:\item\frame\index.php(20): core\wxuns::run()
#4 {main}
  thrown => D:\item\frame\core\lib\route.php line:54
[2017-09-25 21:53:11] error1:  Uncaught ErrorException: 页面不存在 in D:\item\frame\core\lib\route.php:54
Stack trace:
#0 D:\item\frame\core\lib\route.php(29): core\lib\Route->con('favicon.ico', Array)
#1 D:\item\frame\core\lib\route.php(14): core\lib\Route->router()
#2 D:\item\frame\core\wxuns.php(18): core\lib\Route->__construct()
#3 D:\item\frame\index.php(20): core\wxuns::run()
#4 {main}
  thrown => D:\item\frame\core\lib\route.php line:54
[2017-09-25 21:59:12] error1:  Uncaught ErrorException: 页面不存在 in D:\item\frame\core\lib\route.php:54
Stack trace:
#0 D:\item\frame\core\lib\route.php(29): core\lib\Route->con('favicon.ico', Array)
#1 D:\item\frame\core\lib\route.php(14): core\lib\Route->router()
#2 D:\item\frame\core\wxuns.php(18): core\lib\Route->__construct()
#3 D:\item\frame\index.php(20): core\wxuns::run()
#4 {main}
  thrown => D:\item\frame\core\lib\route.php line:54
[2017-09-25 22:07:13] error1:  Uncaught ErrorException: 页面不存在 in D:\item\frame\core\lib\route.php:54
Stack trace:
#0 D:\item\frame\core\lib\route.php(29): core\lib\Route->con('favicon.ico', Array)
#1 D:\item\frame\core\lib\route.php(14): core\lib\Route->router()
#2 D:\item\frame\core\wxuns.php(18): core\lib\Route->__construct()
#3 D:\item\frame\index.php(20): core\wxuns::run()
#4 {main}
  thrown => D:\item\frame\core\lib\route.php line:54
