[2017-09-26 22:12:55] error1:  Uncaught ErrorException: 页面不存在 in D:\item\frame\core\lib\route.php:54
Stack trace:
#0 D:\item\frame\core\lib\route.php(29): core\lib\Route->con('favicon.ico', Array)
#1 D:\item\frame\core\lib\route.php(14): core\lib\Route->router()
#2 D:\item\frame\core\wxuns.php(18): core\lib\Route->__construct()
#3 D:\item\frame\index.php(20): core\wxuns::run()
#4 {main}
  thrown => D:\item\frame\core\lib\route.php line:54
[2017-09-26 22:13:01] error1:  Uncaught ErrorException: 页面不存在 in D:\item\frame\core\lib\route.php:54
Stack trace:
#0 D:\item\frame\core\lib\route.php(29): core\lib\Route->con('favicon.ico', Array)
#1 D:\item\frame\core\lib\route.php(14): core\lib\Route->router()
#2 D:\item\frame\core\wxuns.php(18): core\lib\Route->__construct()
#3 D:\item\frame\index.php(20): core\wxuns::run()
#4 {main}
  thrown => D:\item\frame\core\lib\route.php line:54
[2017-09-26 22:13:46] error1:  Uncaught ErrorException: 页面不存在 in D:\item\frame\core\lib\route.php:54
Stack trace:
#0 D:\item\frame\core\lib\route.php(29): core\lib\Route->con('favicon.ico', Array)
#1 D:\item\frame\core\lib\route.php(14): core\lib\Route->router()
#2 D:\item\frame\core\wxuns.php(18): core\lib\Route->__construct()
#3 D:\item\frame\index.php(20): core\wxuns::run()
#4 {main}
  thrown => D:\item\frame\core\lib\route.php line:54
[2017-09-26 22:13:47] error1:  Uncaught ErrorException: 页面不存在 in D:\item\frame\core\lib\route.php:54
Stack trace:
#0 D:\item\frame\core\lib\route.php(29): core\lib\Route->con('favicon.ico', Array)
#1 D:\item\frame\core\lib\route.php(14): core\lib\Route->router()
#2 D:\item\frame\core\wxuns.php(18): core\lib\Route->__construct()
#3 D:\item\frame\index.php(20): core\wxuns::run()
#4 {main}
  thrown => D:\item\frame\core\lib\route.php line:54
[2017-09-26 22:13:48] error1:  Uncaught ErrorException: 页面不存在 in D:\item\frame\core\lib\route.php:54
Stack trace:
#0 D:\item\frame\core\lib\route.php(29): core\lib\Route->con('favicon.ico', Array)
#1 D:\item\frame\core\lib\route.php(14): core\lib\Route->router()
#2 D:\item\frame\core\wxuns.php(18): core\lib\Route->__construct()
#3 D:\item\frame\index.php(20): core\wxuns::run()
#4 {main}
  thrown => D:\item\frame\core\lib\route.php line:54
[2017-09-26 22:14:50] error1:  Uncaught ErrorException: 页面不存在 in D:\item\frame\core\lib\route.php:54
Stack trace:
#0 D:\item\frame\core\lib\route.php(29): core\lib\Route->con('favicon.ico', Array)
#1 D:\item\frame\core\lib\route.php(14): core\lib\Route->router()
#2 D:\item\frame\core\wxuns.php(18): core\lib\Route->__construct()
#3 D:\item\frame\index.php(21): core\wxuns::run()
#4 {main}
  thrown => D:\item\frame\core\lib\route.php line:54
[2017-09-26 22:14:52] error1:  Uncaught ErrorException: 页面不存在 in D:\item\frame\core\lib\route.php:54
Stack trace:
#0 D:\item\frame\core\lib\route.php(29): core\lib\Route->con('favicon.ico', Array)
#1 D:\item\frame\core\lib\route.php(14): core\lib\Route->router()
#2 D:\item\frame\core\wxuns.php(18): core\lib\Route->__construct()
#3 D:\item\frame\index.php(21): core\wxuns::run()
#4 {main}
  thrown => D:\item\frame\core\lib\route.php line:54
[2017-09-26 22:15:24] error1:  Uncaught ErrorException: 页面不存在 in D:\item\frame\core\lib\route.php:54
Stack trace:
#0 D:\item\frame\core\lib\route.php(29): core\lib\Route->con('favicon.ico', Array)
#1 D:\item\frame\core\lib\route.php(14): core\lib\Route->router()
#2 D:\item\frame\core\wxuns.php(18): core\lib\Route->__construct()
#3 D:\item\frame\index.php(21): core\wxuns::run()
#4 {main}
  thrown => D:\item\frame\core\lib\route.php line:54
[2017-09-26 22:15:32] error1:  Uncaught ErrorException: 页面不存在 in D:\item\frame\core\lib\route.php:54
Stack trace:
#0 D:\item\frame\core\lib\route.php(29): core\lib\Route->con('favicon.ico', Array)
#1 D:\item\frame\core\lib\route.php(14): core\lib\Route->router()
#2 D:\item\frame\core\wxuns.php(18): core\lib\Route->__construct()
#3 D:\item\frame\index.php(21): core\wxuns::run()
#4 {main}
  thrown => D:\item\frame\core\lib\route.php line:54
[2017-09-26 22:15:32] error1:  Uncaught ErrorException: 页面不存在 in D:\item\frame\core\lib\route.php:54
Stack trace:
#0 D:\item\frame\core\lib\route.php(29): core\lib\Route->con('favicon.ico', Array)
#1 D:\item\frame\core\lib\route.php(14): core\lib\Route->router()
#2 D:\item\frame\core\wxuns.php(18): core\lib\Route->__construct()
#3 D:\item\frame\index.php(21): core\wxuns::run()
#4 {main}
  thrown => D:\item\frame\core\lib\route.php line:54
[2017-09-26 22:15:51] error1:  Uncaught ErrorException: 页面不存在 in D:\item\frame\core\lib\route.php:54
Stack trace:
#0 D:\item\frame\core\lib\route.php(29): core\lib\Route->con('favicon.ico', Array)
#1 D:\item\frame\core\lib\route.php(14): core\lib\Route->router()
#2 D:\item\frame\core\wxuns.php(18): core\lib\Route->__construct()
#3 D:\item\frame\index.php(21): core\wxuns::run()
#4 {main}
  thrown => D:\item\frame\core\lib\route.php line:54
[2017-09-26 22:16:20] error1:  Uncaught ErrorException: 页面不存在 in D:\item\frame\core\lib\route.php:54
Stack trace:
#0 D:\item\frame\core\lib\route.php(29): core\lib\Route->con('favicon.ico', Array)
#1 D:\item\frame\core\lib\route.php(14): core\lib\Route->router()
#2 D:\item\frame\core\wxuns.php(18): core\lib\Route->__construct()
#3 D:\item\frame\index.php(21): core\wxuns::run()
#4 {main}
  thrown => D:\item\frame\core\lib\route.php line:54
[2017-09-26 22:16:20] error1:  Uncaught ErrorException: 页面不存在 in D:\item\frame\core\lib\route.php:54
Stack trace:
#0 D:\item\frame\core\lib\route.php(29): core\lib\Route->con('favicon.ico', Array)
#1 D:\item\frame\core\lib\route.php(14): core\lib\Route->router()
#2 D:\item\frame\core\wxuns.php(18): core\lib\Route->__construct()
#3 D:\item\frame\index.php(21): core\wxuns::run()
#4 {main}
  thrown => D:\item\frame\core\lib\route.php line:54
[2017-09-26 22:18:46] error1:  Uncaught Error: Class 'core\lib\init' not found in D:\item\frame\core\wxuns.php:17
Stack trace:
#0 D:\item\frame\index.php(20): core\wxuns::run()
#1 {main}
  thrown => D:\item\frame\core\wxuns.php line:17
[2017-09-26 22:18:47] error1:  Uncaught Error: Class 'core\lib\init' not found in D:\item\frame\core\wxuns.php:17
Stack trace:
#0 D:\item\frame\index.php(20): core\wxuns::run()
#1 {main}
  thrown => D:\item\frame\core\wxuns.php line:17
[2017-09-26 22:18:58] error1:  Uncaught Error: Class 'core\lib\init' not found in D:\item\frame\core\wxuns.php:17
Stack trace:
#0 D:\item\frame\index.php(20): core\wxuns::run()
#1 {main}
  thrown => D:\item\frame\core\wxuns.php line:17
[2017-09-26 22:18:58] error1:  Uncaught Error: Class 'core\lib\init' not found in D:\item\frame\core\wxuns.php:17
Stack trace:
#0 D:\item\frame\index.php(20): core\wxuns::run()
#1 {main}
  thrown => D:\item\frame\core\wxuns.php line:17
[2017-09-26 22:22:55] error1:  Uncaught ErrorException: 没有找到这样的配置 in D:\item\frame\core\lib\config.php:31
Stack trace:
#0 D:\item\frame\core\lib\init.php(6): core\lib\Config::get('D:\\item\\frame/c...', 'DEBUG')
#1 D:\item\frame\core\wxuns.php(17): core\lib\Init->__construct()
#2 D:\item\frame\index.php(20): core\wxuns::run()
#3 {main}
  thrown => D:\item\frame\core\lib\config.php line:31
[2017-09-26 22:22:55] error1:  Uncaught ErrorException: 没有找到这样的配置 in D:\item\frame\core\lib\config.php:31
Stack trace:
#0 D:\item\frame\core\lib\init.php(6): core\lib\Config::get('D:\\item\\frame/c...', 'DEBUG')
#1 D:\item\frame\core\wxuns.php(17): core\lib\Init->__construct()
#2 D:\item\frame\index.php(20): core\wxuns::run()
#3 {main}
  thrown => D:\item\frame\core\lib\config.php line:31
[2017-09-26 22:23:08] error1:  Uncaught ErrorException: 没有找到这样的配置 in D:\item\frame\core\lib\config.php:31
Stack trace:
#0 D:\item\frame\core\lib\init.php(6): core\lib\Config::get('D:\\item\\frame/c...', 'DEBUG')
#1 D:\item\frame\core\wxuns.php(17): core\lib\Init->__construct()
#2 D:\item\frame\index.php(20): core\wxuns::run()
#3 {main}
  thrown => D:\item\frame\core\lib\config.php line:31
[2017-09-26 22:23:08] error1:  Uncaught ErrorException: 没有找到这样的配置 in D:\item\frame\core\lib\config.php:31
Stack trace:
#0 D:\item\frame\core\lib\init.php(6): core\lib\Config::get('D:\\item\\frame/c...', 'DEBUG')
#1 D:\item\frame\core\wxuns.php(17): core\lib\Init->__construct()
#2 D:\item\frame\index.php(20): core\wxuns::run()
#3 {main}
  thrown => D:\item\frame\core\lib\config.php line:31
[2017-09-26 22:23:09] error1:  Uncaught ErrorException: 没有找到这样的配置 in D:\item\frame\core\lib\config.php:31
Stack trace:
#0 D:\item\frame\core\lib\init.php(6): core\lib\Config::get('D:\\item\\frame/c...', 'DEBUG')
#1 D:\item\frame\core\wxuns.php(17): core\lib\Init->__construct()
#2 D:\item\frame\index.php(20): core\wxuns::run()
#3 {main}
  thrown => D:\item\frame\core\lib\config.php line:31
[2017-09-26 22:23:09] error1:  Uncaught ErrorException: 没有找到这样的配置 in D:\item\frame\core\lib\config.php:31
Stack trace:
#0 D:\item\frame\core\lib\init.php(6): core\lib\Config::get('D:\\item\\frame/c...', 'DEBUG')
#1 D:\item\frame\core\wxuns.php(17): core\lib\Init->__construct()
#2 D:\item\frame\index.php(20): core\wxuns::run()
#3 {main}
  thrown => D:\item\frame\core\lib\config.php line:31
[2017-09-26 22:23:10] error1:  Uncaught ErrorException: 没有找到这样的配置 in D:\item\frame\core\lib\config.php:31
Stack trace:
#0 D:\item\frame\core\lib\init.php(6): core\lib\Config::get('D:\\item\\frame/c...', 'DEBUG')
#1 D:\item\frame\core\wxuns.php(17): core\lib\Init->__construct()
#2 D:\item\frame\index.php(20): core\wxuns::run()
#3 {main}
  thrown => D:\item\frame\core\lib\config.php line:31
[2017-09-26 22:23:10] error1:  Uncaught ErrorException: 没有找到这样的配置 in D:\item\frame\core\lib\config.php:31
Stack trace:
#0 D:\item\frame\core\lib\init.php(6): core\lib\Config::get('D:\\item\\frame/c...', 'DEBUG')
#1 D:\item\frame\core\wxuns.php(17): core\lib\Init->__construct()
#2 D:\item\frame\index.php(20): core\wxuns::run()
#3 {main}
  thrown => D:\item\frame\core\lib\config.php line:31
[2017-09-26 22:23:28] error1:  Uncaught ErrorException: 没有找到这样的配置 in D:\item\frame\core\lib\config.php:31
Stack trace:
#0 D:\item\frame\core\lib\init.php(6): core\lib\Config::get('D:\\item\\frame/c...', 'DEBUG')
#1 D:\item\frame\core\wxuns.php(17): core\lib\Init->__construct()
#2 D:\item\frame\index.php(20): core\wxuns::run()
#3 {main}
  thrown => D:\item\frame\core\lib\config.php line:31
[2017-09-26 22:23:29] error1:  Uncaught ErrorException: 没有找到这样的配置 in D:\item\frame\core\lib\config.php:31
Stack trace:
#0 D:\item\frame\core\lib\init.php(6): core\lib\Config::get('D:\\item\\frame/c...', 'DEBUG')
#1 D:\item\frame\core\wxuns.php(17): core\lib\Init->__construct()
#2 D:\item\frame\index.php(20): core\wxuns::run()
#3 {main}
  thrown => D:\item\frame\core\lib\config.php line:31
[2017-09-26 22:23:51] error1:  Uncaught ErrorException: 没有找到这样的配置 in D:\item\frame\core\lib\config.php:31
Stack trace:
#0 D:\item\frame\core\lib\init.php(6): core\lib\Config::get('D:\\item\\frame/c...', 'DEBUG')
#1 D:\item\frame\core\wxuns.php(17): core\lib\Init->__construct()
#2 D:\item\frame\index.php(20): core\wxuns::run()
#3 {main}
  thrown => D:\item\frame\core\lib\config.php line:31
[2017-09-26 22:23:51] error1:  Uncaught ErrorException: 没有找到这样的配置 in D:\item\frame\core\lib\config.php:31
Stack trace:
#0 D:\item\frame\core\lib\init.php(6): core\lib\Config::get('D:\\item\\frame/c...', 'DEBUG')
#1 D:\item\frame\core\wxuns.php(17): core\lib\Init->__construct()
#2 D:\item\frame\index.php(20): core\wxuns::run()
#3 {main}
  thrown => D:\item\frame\core\lib\config.php line:31
[2017-09-26 22:23:51] error1:  Uncaught ErrorException: 没有找到这样的配置 in D:\item\frame\core\lib\config.php:31
Stack trace:
#0 D:\item\frame\core\lib\init.php(6): core\lib\Config::get('D:\\item\\frame/c...', 'DEBUG')
#1 D:\item\frame\core\wxuns.php(17): core\lib\Init->__construct()
#2 D:\item\frame\index.php(20): core\wxuns::run()
#3 {main}
  thrown => D:\item\frame\core\lib\config.php line:31
[2017-09-26 22:23:52] error1:  Uncaught ErrorException: 没有找到这样的配置 in D:\item\frame\core\lib\config.php:31
Stack trace:
#0 D:\item\frame\core\lib\init.php(6): core\lib\Config::get('D:\\item\\frame/c...', 'DEBUG')
#1 D:\item\frame\core\wxuns.php(17): core\lib\Init->__construct()
#2 D:\item\frame\index.php(20): core\wxuns::run()
#3 {main}
  thrown => D:\item\frame\core\lib\config.php line:31
[2017-09-26 22:27:35] error1:  Uncaught ErrorException: 没有找到这样的配置 in D:\item\frame\core\lib\config.php:31
Stack trace:
#0 D:\item\frame\core\lib\init.php(6): core\lib\Config::get('D:\\item\\frame/c...', 'DEBUG')
#1 D:\item\frame\core\wxuns.php(17): core\lib\Init->__construct()
#2 D:\item\frame\index.php(20): core\wxuns::run()
#3 {main}
  thrown => D:\item\frame\core\lib\config.php line:31
[2017-09-26 22:27:35] error1:  Uncaught ErrorException: 没有找到这样的配置 in D:\item\frame\core\lib\config.php:31
Stack trace:
#0 D:\item\frame\core\lib\init.php(6): core\lib\Config::get('D:\\item\\frame/c...', 'DEBUG')
#1 D:\item\frame\core\wxuns.php(17): core\lib\Init->__construct()
#2 D:\item\frame\index.php(20): core\wxuns::run()
#3 {main}
  thrown => D:\item\frame\core\lib\config.php line:31
[2017-09-26 22:27:50] error1:  Uncaught ErrorException: 没有找到这样的配置 in D:\item\frame\core\lib\config.php:32
Stack trace:
#0 D:\item\frame\core\lib\init.php(6): core\lib\Config::get('D:\\item\\frame/c...', 'DEBUG')
#1 D:\item\frame\core\wxuns.php(17): core\lib\Init->__construct()
#2 D:\item\frame\index.php(20): core\wxuns::run()
#3 {main}
  thrown => D:\item\frame\core\lib\config.php line:32
[2017-09-26 22:27:50] error1:  Uncaught ErrorException: 没有找到这样的配置 in D:\item\frame\core\lib\config.php:32
Stack trace:
#0 D:\item\frame\core\lib\init.php(6): core\lib\Config::get('D:\\item\\frame/c...', 'DEBUG')
#1 D:\item\frame\core\wxuns.php(17): core\lib\Init->__construct()
#2 D:\item\frame\index.php(20): core\wxuns::run()
#3 {main}
  thrown => D:\item\frame\core\lib\config.php line:32
[2017-09-26 22:29:10] error1:  Uncaught ErrorException: 页面不存在 in D:\item\frame\core\lib\route.php:54
Stack trace:
#0 D:\item\frame\core\lib\route.php(29): core\lib\Route->con('favicon.ico', Array)
#1 D:\item\frame\core\lib\route.php(14): core\lib\Route->router()
#2 D:\item\frame\core\wxuns.php(19): core\lib\Route->__construct()
#3 D:\item\frame\index.php(20): core\wxuns::run()
#4 {main}
  thrown => D:\item\frame\core\lib\route.php line:54
[2017-09-26 22:29:53] error1:  Uncaught ErrorException: 页面不存在 in D:\item\frame\core\lib\route.php:54
Stack trace:
#0 D:\item\frame\core\lib\route.php(29): core\lib\Route->con('favicon.ico', Array)
#1 D:\item\frame\core\lib\route.php(14): core\lib\Route->router()
#2 D:\item\frame\core\wxuns.php(19): core\lib\Route->__construct()
#3 D:\item\frame\index.php(20): core\wxuns::run()
#4 {main}
  thrown => D:\item\frame\core\lib\route.php line:54
[2017-09-26 22:30:14] error1:  Uncaught ErrorException: 页面不存在 in D:\item\frame\core\lib\route.php:54
Stack trace:
#0 D:\item\frame\core\lib\route.php(29): core\lib\Route->con('favicon.ico', Array)
#1 D:\item\frame\core\lib\route.php(14): core\lib\Route->router()
#2 D:\item\frame\core\wxuns.php(19): core\lib\Route->__construct()
#3 D:\item\frame\index.php(20): core\wxuns::run()
#4 {main}
  thrown => D:\item\frame\core\lib\route.php line:54
[2017-09-26 22:30:18] error1:  Uncaught ErrorException: 页面不存在 in D:\item\frame\core\lib\route.php:54
Stack trace:
#0 D:\item\frame\core\lib\route.php(29): core\lib\Route->con('favicon.ico', Array)
#1 D:\item\frame\core\lib\route.php(14): core\lib\Route->router()
#2 D:\item\frame\core\wxuns.php(19): core\lib\Route->__construct()
#3 D:\item\frame\index.php(20): core\wxuns::run()
#4 {main}
  thrown => D:\item\frame\core\lib\route.php line:54
[2017-09-26 22:30:18] error1:  Uncaught ErrorException: 页面不存在 in D:\item\frame\core\lib\route.php:54
Stack trace:
#0 D:\item\frame\core\lib\route.php(29): core\lib\Route->con('favicon.ico', Array)
#1 D:\item\frame\core\lib\route.php(14): core\lib\Route->router()
#2 D:\item\frame\core\wxuns.php(19): core\lib\Route->__construct()
#3 D:\item\frame\index.php(20): core\wxuns::run()
#4 {main}
  thrown => D:\item\frame\core\lib\route.php line:54
[2017-09-26 22:30:50] error1:  Uncaught ErrorException: 页面不存在 in D:\item\frame\core\lib\route.php:54
Stack trace:
#0 D:\item\frame\core\lib\route.php(29): core\lib\Route->con('favicon.ico', Array)
#1 D:\item\frame\core\lib\route.php(14): core\lib\Route->router()
#2 D:\item\frame\core\wxuns.php(19): core\lib\Route->__construct()
#3 D:\item\frame\index.php(20): core\wxuns::run()
#4 {main}
  thrown => D:\item\frame\core\lib\route.php line:54
[2017-09-26 22:31:10] error1:  Uncaught ErrorException: 页面不存在 in D:\item\frame\core\lib\route.php:54
Stack trace:
#0 D:\item\frame\core\lib\route.php(29): core\lib\Route->con('favicon.ico', Array)
#1 D:\item\frame\core\lib\route.php(14): core\lib\Route->router()
#2 D:\item\frame\core\wxuns.php(19): core\lib\Route->__construct()
#3 D:\item\frame\index.php(20): core\wxuns::run()
#4 {main}
  thrown => D:\item\frame\core\lib\route.php line:54
[2017-09-26 22:43:20] error1:  Uncaught ErrorException: 页面不存在 in D:\item\frame\core\lib\route.php:54
Stack trace:
#0 D:\item\frame\core\lib\route.php(29): core\lib\Route->con('favicon.ico', Array)
#1 D:\item\frame\core\lib\route.php(14): core\lib\Route->router()
#2 D:\item\frame\core\wxuns.php(19): core\lib\Route->__construct()
#3 D:\item\frame\index.php(20): core\wxuns::run()
#4 {main}
  thrown => D:\item\frame\core\lib\route.php line:54
[2017-09-26 22:44:16] error1:  Uncaught ErrorException: 页面不存在 in D:\item\frame\core\lib\route.php:54
Stack trace:
#0 D:\item\frame\core\lib\route.php(29): core\lib\Route->con('favicon.ico', Array)
#1 D:\item\frame\core\lib\route.php(14): core\lib\Route->router()
#2 D:\item\frame\core\wxuns.php(19): core\lib\Route->__construct()
#3 D:\item\frame\index.php(20): core\wxuns::run()
#4 {main}
  thrown => D:\item\frame\core\lib\route.php line:54
[2017-09-26 22:47:20] error1:  Uncaught Error: Class '\app\controller\Controller' not found in D:\item\frame\core\wxuns.php:23
Stack trace:
#0 D:\item\frame\index.php(20): core\wxuns::run()
#1 {main}
  thrown => D:\item\frame\core\wxuns.php line:23
[2017-09-26 22:47:21] error1:  Uncaught Error: Class '\app\controller\Controller' not found in D:\item\frame\core\wxuns.php:23
Stack trace:
#0 D:\item\frame\index.php(20): core\wxuns::run()
#1 {main}
  thrown => D:\item\frame\core\wxuns.php line:23
[2017-09-26 22:47:22] error1:  Uncaught Error: Class '\app\controller\Controller' not found in D:\item\frame\core\wxuns.php:23
Stack trace:
#0 D:\item\frame\index.php(20): core\wxuns::run()
#1 {main}
  thrown => D:\item\frame\core\wxuns.php line:23
[2017-09-26 22:47:31] error1:  Uncaught Error: Call to undefined function core\lib\dd() in D:\item\frame\core\lib\model.php:16
Stack trace:
#0 D:\item\frame\core\wxuns.php(15): core\lib\Model->__construct()
#1 D:\item\frame\index.php(20): core\wxuns::run()
#2 {main}
  thrown => D:\item\frame\core\lib\model.php line:16
[2017-09-26 22:47:31] error1:  Uncaught Error: Call to undefined function core\lib\dd() in D:\item\frame\core\lib\model.php:16
Stack trace:
#0 D:\item\frame\core\wxuns.php(15): core\lib\Model->__construct()
#1 D:\item\frame\index.php(20): core\wxuns::run()
#2 {main}
  thrown => D:\item\frame\core\lib\model.php line:16
[2017-09-26 22:48:06] error1:  Uncaught Error: Class '\app\controller\Controller' not found in D:\item\frame\core\wxuns.php:23
Stack trace:
#0 D:\item\frame\index.php(20): core\wxuns::run()
#1 {main}
  thrown => D:\item\frame\core\wxuns.php line:23
[2017-09-26 22:51:36] error1:  Uncaught Error: Class 'core\lib\init' not found in D:\item\frame\core\wxuns.php:17
Stack trace:
#0 D:\item\frame\index.php(18): core\wxuns::run()
#1 {main}
  thrown => D:\item\frame\core\wxuns.php line:17
[2017-09-26 22:51:37] error1:  Uncaught Error: Class 'core\lib\init' not found in D:\item\frame\core\wxuns.php:17
Stack trace:
#0 D:\item\frame\index.php(18): core\wxuns::run()
#1 {main}
  thrown => D:\item\frame\core\wxuns.php line:17
[2017-09-26 22:51:37] error1:  Uncaught Error: Class 'core\lib\init' not found in D:\item\frame\core\wxuns.php:17
Stack trace:
#0 D:\item\frame\index.php(18): core\wxuns::run()
#1 {main}
  thrown => D:\item\frame\core\wxuns.php line:17
[2017-09-26 22:51:37] error1:  Uncaught Error: Class 'core\lib\init' not found in D:\item\frame\core\wxuns.php:17
Stack trace:
#0 D:\item\frame\index.php(18): core\wxuns::run()
#1 {main}
  thrown => D:\item\frame\core\wxuns.php line:17
[2017-09-26 22:52:12] error1:  Uncaught Error: Class '\app\controller\Controller' not found in D:\item\frame\core\wxuns.php:22
Stack trace:
#0 D:\item\frame\index.php(18): core\wxuns::run()
#1 {main}
  thrown => D:\item\frame\core\wxuns.php line:22
[2017-09-26 22:52:13] error1:  Uncaught Error: Class '\app\controller\Controller' not found in D:\item\frame\core\wxuns.php:22
Stack trace:
#0 D:\item\frame\index.php(18): core\wxuns::run()
#1 {main}
  thrown => D:\item\frame\core\wxuns.php line:22
[2017-09-26 22:53:16] error1:  Uncaught Error: Class '\app\controller\Controller' not found in D:\item\frame\core\wxuns.php:22
Stack trace:
#0 D:\item\frame\index.php(18): core\wxuns::run()
#1 {main}
  thrown => D:\item\frame\core\wxuns.php line:22
