[2017-10-10 10:52:14] warning2: Creating default object from empty value => D:\item\frame\core\controller.php line:26 2017-10-10 10:52:14
[2017-10-10 15:24:01] warning2: Creating default object from empty value => D:\item\frame\core\controller.php line:26 2017-10-10 15:24:01
[2017-10-10 15:24:01] warning2: session_start(): open(res/path\sess_0m7mne1b8tcj5f56slao13fcut, O_RDWR) failed: No such file or directory (2) => D:\item\frame\core\controller.php line:30 2017-10-10 15:24:01
[2017-10-10 15:24:01] warning2: session_start(): Failed to read session data: files (path: res/path) => D:\item\frame\core\controller.php line:30 2017-10-10 15:24:01
[2017-10-10 15:25:06] warning2: Creating default object from empty value => D:\item\frame\core\controller.php line:26 2017-10-10 15:25:06
[2017-10-10 15:25:06] warning2: session_start(): open(D:\item\frame/resources/path\sess_0m7mne1b8tcj5f56slao13fcut, O_RDWR) failed: No such file or directory (2) => D:\item\frame\core\controller.php line:30 2017-10-10 15:25:06
[2017-10-10 15:25:06] warning2: session_start(): Failed to read session data: files (path: D:\item\frame/resources/path) => D:\item\frame\core\controller.php line:30 2017-10-10 15:25:06
[2017-10-10 15:25:09] warning2: Creating default object from empty value => D:\item\frame\core\controller.php line:26 2017-10-10 15:25:09
[2017-10-10 15:25:09] warning2: session_start(): open(D:\item\frame/resources/path\sess_0m7mne1b8tcj5f56slao13fcut, O_RDWR) failed: No such file or directory (2) => D:\item\frame\core\controller.php line:30 2017-10-10 15:25:09
[2017-10-10 15:25:09] warning2: session_start(): Failed to read session data: files (path: D:\item\frame/resources/path) => D:\item\frame\core\controller.php line:30 2017-10-10 15:25:09
[2017-10-10 15:25:10] warning2: Creating default object from empty value => D:\item\frame\core\controller.php line:26 2017-10-10 15:25:10
[2017-10-10 15:25:10] warning2: session_start(): open(D:\item\frame/resources/path\sess_0m7mne1b8tcj5f56slao13fcut, O_RDWR) failed: No such file or directory (2) => D:\item\frame\core\controller.php line:30 2017-10-10 15:25:10
[2017-10-10 15:25:10] warning2: session_start(): Failed to read session data: files (path: D:\item\frame/resources/path) => D:\item\frame\core\controller.php line:30 2017-10-10 15:25:10
[2017-10-10 15:25:54] warning2: Creating default object from empty value => D:\item\frame\core\controller.php line:26 2017-10-10 15:25:54
[2017-10-10 15:25:54] warning2: session_start(): open(D:\item\frame/resources/path\sess_0m7mne1b8tcj5f56slao13fcut, O_RDWR) failed: No such file or directory (2) => D:\item\frame\core\controller.php line:30 2017-10-10 15:25:54
[2017-10-10 15:25:54] warning2: session_start(): Failed to read session data: files (path: D:\item\frame/resources/path) => D:\item\frame\core\controller.php line:30 2017-10-10 15:25:54
[2017-10-10 15:26:05] warning2: Creating default object from empty value => D:\item\frame\core\controller.php line:26 2017-10-10 15:26:05
[2017-10-10 15:26:05] warning2: session_start(): open(D:\item\frame/resources/path\sess_0m7mne1b8tcj5f56slao13fcut, O_RDWR) failed: No such file or directory (2) => D:\item\frame\core\controller.php line:30 2017-10-10 15:26:05
[2017-10-10 15:26:05] warning2: session_start(): Failed to read session data: files (path: D:\item\frame/resources/path) => D:\item\frame\core\controller.php line:30 2017-10-10 15:26:05
[2017-10-10 15:27:27] warning2: Creating default object from empty value => D:\item\frame\core\controller.php line:26 2017-10-10 15:27:27
[2017-10-10 15:27:27] warning2: session_start(): open(D:\item\frame/resources/path\sess_0m7mne1b8tcj5f56slao13fcut, O_RDWR) failed: No such file or directory (2) => D:\item\frame\core\controller.php line:30 2017-10-10 15:27:27
[2017-10-10 15:27:27] warning2: session_start(): Failed to read session data: files (path: D:\item\frame/resources/path) => D:\item\frame\core\controller.php line:30 2017-10-10 15:27:27
[2017-10-10 15:27:49] warning2: Creating default object from empty value => D:\item\frame\core\controller.php line:26 2017-10-10 15:27:49
[2017-10-10 15:27:51] warning2: Creating default object from empty value => D:\item\frame\core\controller.php line:26 2017-10-10 15:27:51
[2017-10-10 15:27:52] warning2: Creating default object from empty value => D:\item\frame\core\controller.php line:26 2017-10-10 15:27:52
[2017-10-10 15:28:08] warning2: Creating default object from empty value => D:\item\frame\core\controller.php line:26 2017-10-10 15:28:08
[2017-10-10 15:28:18] warning2: Creating default object from empty value => D:\item\frame\core\controller.php line:26 2017-10-10 15:28:18
[2017-10-10 15:28:24] warning2: Creating default object from empty value => D:\item\frame\core\controller.php line:26 2017-10-10 15:28:24
[2017-10-10 15:28:26] warning2: Creating default object from empty value => D:\item\frame\core\controller.php line:26 2017-10-10 15:28:26
[2017-10-10 15:35:26] warning2: Creating default object from empty value => D:\item\frame\core\controller.php line:26 2017-10-10 15:35:26
[2017-10-10 15:39:24] warning2: Creating default object from empty value => D:\item\frame\core\controller.php line:26 2017-10-10 15:39:24
[2017-10-10 15:39:26] warning2: Creating default object from empty value => D:\item\frame\core\controller.php line:26 2017-10-10 15:39:26
[2017-10-10 15:48:33] warning2: Creating default object from empty value => D:\item\frame\core\controller.php line:26 2017-10-10 15:48:33
[2017-10-10 21:29:45] warning2: Creating default object from empty value => D:\item\frame\core\controller.php line:26 2017-10-10 21:29:45
[2017-10-10 21:29:47] warning2: Creating default object from empty value => D:\item\frame\core\controller.php line:26 2017-10-10 21:29:47
