[2017-09-24 20:22:13] error1:  Uncaught ErrorException: 找不到此配置文件 in D:\item\frame\core\lib\config.php:35
Stack trace:
#0 D:\item\frame\core\common\debug.php(6): core\lib\Config::get('D:\\item\\frame/c...', 'LOG')
#1 D:\item\frame\core\wxuns.php(24): core\common\debug->__construct()
#2 D:\item\frame\index.php(21): core\wxuns::run()
#3 {main}
  thrown => D:\item\frame\core\lib\config.php line:35
[2017-09-24 20:22:14] error1:  Uncaught ErrorException: 页面不存在 in D:\item\frame\core\lib\route.php:54
Stack trace:
#0 D:\item\frame\core\lib\route.php(29): core\lib\Route->con('favicon.ico', Array)
#1 D:\item\frame\core\lib\route.php(14): core\lib\Route->router()
#2 D:\item\frame\core\wxuns.php(15): core\lib\Route->__construct()
#3 D:\item\frame\index.php(21): core\wxuns::run()
#4 {main}
  thrown => D:\item\frame\core\lib\route.php line:54
[2017-09-24 20:25:12] error1:  Uncaught ErrorException: 没有找到这样的配置 in D:\item\frame\core\lib\config.php:31
Stack trace:
#0 D:\item\frame\core\common\debug.php(6): core\lib\Config::get('D:\\item\\frame/c...', 'LOG')
#1 D:\item\frame\core\wxuns.php(24): core\common\Debug->__construct()
#2 D:\item\frame\index.php(21): core\wxuns::run()
#3 {main}
  thrown => D:\item\frame\core\lib\config.php line:31
[2017-09-24 20:25:12] error1:  Uncaught ErrorException: 页面不存在 in D:\item\frame\core\lib\route.php:54
Stack trace:
#0 D:\item\frame\core\lib\route.php(29): core\lib\Route->con('favicon.ico', Array)
#1 D:\item\frame\core\lib\route.php(14): core\lib\Route->router()
#2 D:\item\frame\core\wxuns.php(15): core\lib\Route->__construct()
#3 D:\item\frame\index.php(21): core\wxuns::run()
#4 {main}
  thrown => D:\item\frame\core\lib\route.php line:54
[2017-09-24 20:27:55] prase4:  syntax error, unexpected 'dump' (T_STRING) => D:\item\frame\core\common\debug.php line:7
[2017-09-24 20:27:55] error1:  Uncaught ErrorException: 页面不存在 in D:\item\frame\core\lib\route.php:54
Stack trace:
#0 D:\item\frame\core\lib\route.php(29): core\lib\Route->con('favicon.ico', Array)
#1 D:\item\frame\core\lib\route.php(14): core\lib\Route->router()
#2 D:\item\frame\core\wxuns.php(15): core\lib\Route->__construct()
#3 D:\item\frame\index.php(21): core\wxuns::run()
#4 {main}
  thrown => D:\item\frame\core\lib\route.php line:54
[2017-09-24 20:28:01] error1:  Uncaught ErrorException: 没有找到这样的配置 in D:\item\frame\core\lib\config.php:31
Stack trace:
#0 D:\item\frame\core\common\debug.php(6): core\lib\Config::get('D:\\item\\frame/c...', 'LOG')
#1 D:\item\frame\core\wxuns.php(24): core\common\Debug->__construct()
#2 D:\item\frame\index.php(21): core\wxuns::run()
#3 {main}
  thrown => D:\item\frame\core\lib\config.php line:31
[2017-09-24 20:28:01] error1:  Uncaught ErrorException: 页面不存在 in D:\item\frame\core\lib\route.php:54
Stack trace:
#0 D:\item\frame\core\lib\route.php(29): core\lib\Route->con('favicon.ico', Array)
#1 D:\item\frame\core\lib\route.php(14): core\lib\Route->router()
#2 D:\item\frame\core\wxuns.php(15): core\lib\Route->__construct()
#3 D:\item\frame\index.php(21): core\wxuns::run()
#4 {main}
  thrown => D:\item\frame\core\lib\route.php line:54
[2017-09-24 20:29:12] error1:  Uncaught ErrorException: 没有找到这样的配置 in D:\item\frame\core\lib\config.php:31
Stack trace:
#0 D:\item\frame\core\common\debug.php(6): core\lib\Config::get('D:\\item\\frame/c...', 'LOG')
#1 D:\item\frame\core\wxuns.php(24): core\common\Debug->__construct()
#2 D:\item\frame\index.php(21): core\wxuns::run()
#3 {main}
  thrown => D:\item\frame\core\lib\config.php line:31
[2017-09-24 20:29:13] error1:  Uncaught ErrorException: 页面不存在 in D:\item\frame\core\lib\route.php:54
Stack trace:
#0 D:\item\frame\core\lib\route.php(29): core\lib\Route->con('favicon.ico', Array)
#1 D:\item\frame\core\lib\route.php(14): core\lib\Route->router()
#2 D:\item\frame\core\wxuns.php(15): core\lib\Route->__construct()
#3 D:\item\frame\index.php(21): core\wxuns::run()
#4 {main}
  thrown => D:\item\frame\core\lib\route.php line:54
[2017-09-24 20:29:13] error1:  Uncaught ErrorException: 没有找到这样的配置 in D:\item\frame\core\lib\config.php:31
Stack trace:
#0 D:\item\frame\core\common\debug.php(6): core\lib\Config::get('D:\\item\\frame/c...', 'LOG')
#1 D:\item\frame\core\wxuns.php(24): core\common\Debug->__construct()
#2 D:\item\frame\index.php(21): core\wxuns::run()
#3 {main}
  thrown => D:\item\frame\core\lib\config.php line:31
[2017-09-24 20:29:13] error1:  Uncaught ErrorException: 页面不存在 in D:\item\frame\core\lib\route.php:54
Stack trace:
#0 D:\item\frame\core\lib\route.php(29): core\lib\Route->con('favicon.ico', Array)
#1 D:\item\frame\core\lib\route.php(14): core\lib\Route->router()
#2 D:\item\frame\core\wxuns.php(15): core\lib\Route->__construct()
#3 D:\item\frame\index.php(21): core\wxuns::run()
#4 {main}
  thrown => D:\item\frame\core\lib\route.php line:54
[2017-09-24 20:29:14] error1:  Uncaught ErrorException: 没有找到这样的配置 in D:\item\frame\core\lib\config.php:31
Stack trace:
#0 D:\item\frame\core\common\debug.php(6): core\lib\Config::get('D:\\item\\frame/c...', 'LOG')
#1 D:\item\frame\core\wxuns.php(24): core\common\Debug->__construct()
#2 D:\item\frame\index.php(21): core\wxuns::run()
#3 {main}
  thrown => D:\item\frame\core\lib\config.php line:31
[2017-09-24 20:29:14] error1:  Uncaught ErrorException: 页面不存在 in D:\item\frame\core\lib\route.php:54
Stack trace:
#0 D:\item\frame\core\lib\route.php(29): core\lib\Route->con('favicon.ico', Array)
#1 D:\item\frame\core\lib\route.php(14): core\lib\Route->router()
#2 D:\item\frame\core\wxuns.php(15): core\lib\Route->__construct()
#3 D:\item\frame\index.php(21): core\wxuns::run()
#4 {main}
  thrown => D:\item\frame\core\lib\route.php line:54
[2017-09-24 20:29:14] error1:  Uncaught ErrorException: 没有找到这样的配置 in D:\item\frame\core\lib\config.php:31
Stack trace:
#0 D:\item\frame\core\common\debug.php(6): core\lib\Config::get('D:\\item\\frame/c...', 'LOG')
#1 D:\item\frame\core\wxuns.php(24): core\common\Debug->__construct()
#2 D:\item\frame\index.php(21): core\wxuns::run()
#3 {main}
  thrown => D:\item\frame\core\lib\config.php line:31
[2017-09-24 20:29:14] error1:  Uncaught ErrorException: 没有找到这样的配置 in D:\item\frame\core\lib\config.php:31
Stack trace:
#0 D:\item\frame\core\common\debug.php(6): core\lib\Config::get('D:\\item\\frame/c...', 'LOG')
#1 D:\item\frame\core\wxuns.php(24): core\common\Debug->__construct()
#2 D:\item\frame\index.php(21): core\wxuns::run()
#3 {main}
  thrown => D:\item\frame\core\lib\config.php line:31
[2017-09-24 20:29:14] error1:  Uncaught ErrorException: 页面不存在 in D:\item\frame\core\lib\route.php:54
Stack trace:
#0 D:\item\frame\core\lib\route.php(29): core\lib\Route->con('favicon.ico', Array)
#1 D:\item\frame\core\lib\route.php(14): core\lib\Route->router()
#2 D:\item\frame\core\wxuns.php(15): core\lib\Route->__construct()
#3 D:\item\frame\index.php(21): core\wxuns::run()
#4 {main}
  thrown => D:\item\frame\core\lib\route.php line:54
[2017-09-24 20:29:14] error1:  Uncaught ErrorException: 没有找到这样的配置 in D:\item\frame\core\lib\config.php:31
Stack trace:
#0 D:\item\frame\core\common\debug.php(6): core\lib\Config::get('D:\\item\\frame/c...', 'LOG')
#1 D:\item\frame\core\wxuns.php(24): core\common\Debug->__construct()
#2 D:\item\frame\index.php(21): core\wxuns::run()
#3 {main}
  thrown => D:\item\frame\core\lib\config.php line:31
[2017-09-24 20:29:14] error1:  Uncaught ErrorException: 没有找到这样的配置 in D:\item\frame\core\lib\config.php:31
Stack trace:
#0 D:\item\frame\core\common\debug.php(6): core\lib\Config::get('D:\\item\\frame/c...', 'LOG')
#1 D:\item\frame\core\wxuns.php(24): core\common\Debug->__construct()
#2 D:\item\frame\index.php(21): core\wxuns::run()
#3 {main}
  thrown => D:\item\frame\core\lib\config.php line:31
[2017-09-24 20:29:15] error1:  Uncaught ErrorException: 没有找到这样的配置 in D:\item\frame\core\lib\config.php:31
Stack trace:
#0 D:\item\frame\core\common\debug.php(6): core\lib\Config::get('D:\\item\\frame/c...', 'LOG')
#1 D:\item\frame\core\wxuns.php(24): core\common\Debug->__construct()
#2 D:\item\frame\index.php(21): core\wxuns::run()
#3 {main}
  thrown => D:\item\frame\core\lib\config.php line:31
[2017-09-24 20:29:15] error1:  Uncaught ErrorException: 没有找到这样的配置 in D:\item\frame\core\lib\config.php:31
Stack trace:
#0 D:\item\frame\core\common\debug.php(6): core\lib\Config::get('D:\\item\\frame/c...', 'LOG')
#1 D:\item\frame\core\wxuns.php(24): core\common\Debug->__construct()
#2 D:\item\frame\index.php(21): core\wxuns::run()
#3 {main}
  thrown => D:\item\frame\core\lib\config.php line:31
[2017-09-24 20:29:15] error1:  Uncaught ErrorException: 没有找到这样的配置 in D:\item\frame\core\lib\config.php:31
Stack trace:
#0 D:\item\frame\core\common\debug.php(6): core\lib\Config::get('D:\\item\\frame/c...', 'LOG')
#1 D:\item\frame\core\wxuns.php(24): core\common\Debug->__construct()
#2 D:\item\frame\index.php(21): core\wxuns::run()
#3 {main}
  thrown => D:\item\frame\core\lib\config.php line:31
[2017-09-24 20:29:15] error1:  Uncaught ErrorException: 没有找到这样的配置 in D:\item\frame\core\lib\config.php:31
Stack trace:
#0 D:\item\frame\core\common\debug.php(6): core\lib\Config::get('D:\\item\\frame/c...', 'LOG')
#1 D:\item\frame\core\wxuns.php(24): core\common\Debug->__construct()
#2 D:\item\frame\index.php(21): core\wxuns::run()
#3 {main}
  thrown => D:\item\frame\core\lib\config.php line:31
[2017-09-24 20:29:15] error1:  Uncaught ErrorException: 没有找到这样的配置 in D:\item\frame\core\lib\config.php:31
Stack trace:
#0 D:\item\frame\core\common\debug.php(6): core\lib\Config::get('D:\\item\\frame/c...', 'LOG')
#1 D:\item\frame\core\wxuns.php(24): core\common\Debug->__construct()
#2 D:\item\frame\index.php(21): core\wxuns::run()
#3 {main}
  thrown => D:\item\frame\core\lib\config.php line:31
[2017-09-24 20:29:15] error1:  Uncaught ErrorException: 没有找到这样的配置 in D:\item\frame\core\lib\config.php:31
Stack trace:
#0 D:\item\frame\core\common\debug.php(6): core\lib\Config::get('D:\\item\\frame/c...', 'LOG')
#1 D:\item\frame\core\wxuns.php(24): core\common\Debug->__construct()
#2 D:\item\frame\index.php(21): core\wxuns::run()
#3 {main}
  thrown => D:\item\frame\core\lib\config.php line:31
[2017-09-24 20:29:16] error1:  Uncaught ErrorException: 没有找到这样的配置 in D:\item\frame\core\lib\config.php:31
Stack trace:
#0 D:\item\frame\core\common\debug.php(6): core\lib\Config::get('D:\\item\\frame/c...', 'LOG')
#1 D:\item\frame\core\wxuns.php(24): core\common\Debug->__construct()
#2 D:\item\frame\index.php(21): core\wxuns::run()
#3 {main}
  thrown => D:\item\frame\core\lib\config.php line:31
[2017-09-24 20:29:16] error1:  Uncaught ErrorException: 没有找到这样的配置 in D:\item\frame\core\lib\config.php:31
Stack trace:
#0 D:\item\frame\core\common\debug.php(6): core\lib\Config::get('D:\\item\\frame/c...', 'LOG')
#1 D:\item\frame\core\wxuns.php(24): core\common\Debug->__construct()
#2 D:\item\frame\index.php(21): core\wxuns::run()
#3 {main}
  thrown => D:\item\frame\core\lib\config.php line:31
[2017-09-24 20:29:16] error1:  Uncaught ErrorException: 页面不存在 in D:\item\frame\core\lib\route.php:54
Stack trace:
#0 D:\item\frame\core\lib\route.php(29): core\lib\Route->con('favicon.ico', Array)
#1 D:\item\frame\core\lib\route.php(14): core\lib\Route->router()
#2 D:\item\frame\core\wxuns.php(15): core\lib\Route->__construct()
#3 D:\item\frame\index.php(21): core\wxuns::run()
#4 {main}
  thrown => D:\item\frame\core\lib\route.php line:54
[2017-09-24 20:30:08] error1:  Uncaught ErrorException: 没有找到这样的配置 in D:\item\frame\core\lib\config.php:31
Stack trace:
#0 D:\item\frame\core\common\debug.php(6): core\lib\Config::get('D:\\item\\frame/c...', 'LOG')
#1 D:\item\frame\core\wxuns.php(24): core\common\Debug->__construct()
#2 D:\item\frame\index.php(21): core\wxuns::run()
#3 {main}
  thrown => D:\item\frame\core\lib\config.php line:31
[2017-09-24 20:30:09] error1:  Uncaught ErrorException: 页面不存在 in D:\item\frame\core\lib\route.php:54
Stack trace:
#0 D:\item\frame\core\lib\route.php(29): core\lib\Route->con('favicon.ico', Array)
#1 D:\item\frame\core\lib\route.php(14): core\lib\Route->router()
#2 D:\item\frame\core\wxuns.php(15): core\lib\Route->__construct()
#3 D:\item\frame\index.php(21): core\wxuns::run()
#4 {main}
  thrown => D:\item\frame\core\lib\route.php line:54
[2017-09-24 20:30:41] error1:  Uncaught ErrorException: 找不到类,或者类文件不存在 in D:\item\frame\core\wxuns.php:42
Stack trace:
#0 [internal function]: core\wxuns::load('core/common/deb...')
#1 D:\item\frame\core\wxuns.php(24): spl_autoload_call('core\\common\\deb...')
#2 D:\item\frame\index.php(21): core\wxuns::run()
#3 {main}
  thrown => D:\item\frame\core\wxuns.php line:42
[2017-09-24 20:30:41] error1:  Uncaught ErrorException: 页面不存在 in D:\item\frame\core\lib\route.php:54
Stack trace:
#0 D:\item\frame\core\lib\route.php(29): core\lib\Route->con('favicon.ico', Array)
#1 D:\item\frame\core\lib\route.php(14): core\lib\Route->router()
#2 D:\item\frame\core\wxuns.php(15): core\lib\Route->__construct()
#3 D:\item\frame\index.php(21): core\wxuns::run()
#4 {main}
  thrown => D:\item\frame\core\lib\route.php line:54
[2017-09-24 20:30:54] error1:  Uncaught ErrorException: 找不到类,或者类文件不存在 in D:\item\frame\core\wxuns.php:42
Stack trace:
#0 [internal function]: core\wxuns::load('core/common/deb...')
#1 D:\item\frame\core\wxuns.php(24): spl_autoload_call('core\\common\\deb...')
#2 D:\item\frame\index.php(21): core\wxuns::run()
#3 {main}
  thrown => D:\item\frame\core\wxuns.php line:42
[2017-09-24 20:30:54] error1:  Uncaught ErrorException: 页面不存在 in D:\item\frame\core\lib\route.php:54
Stack trace:
#0 D:\item\frame\core\lib\route.php(29): core\lib\Route->con('favicon.ico', Array)
#1 D:\item\frame\core\lib\route.php(14): core\lib\Route->router()
#2 D:\item\frame\core\wxuns.php(15): core\lib\Route->__construct()
#3 D:\item\frame\index.php(21): core\wxuns::run()
#4 {main}
  thrown => D:\item\frame\core\lib\route.php line:54
[2017-09-24 20:30:55] error1:  Uncaught ErrorException: 找不到类,或者类文件不存在 in D:\item\frame\core\wxuns.php:42
Stack trace:
#0 [internal function]: core\wxuns::load('core/common/deb...')
#1 D:\item\frame\core\wxuns.php(24): spl_autoload_call('core\\common\\deb...')
#2 D:\item\frame\index.php(21): core\wxuns::run()
#3 {main}
  thrown => D:\item\frame\core\wxuns.php line:42
[2017-09-24 20:30:55] error1:  Uncaught ErrorException: 页面不存在 in D:\item\frame\core\lib\route.php:54
Stack trace:
#0 D:\item\frame\core\lib\route.php(29): core\lib\Route->con('favicon.ico', Array)
#1 D:\item\frame\core\lib\route.php(14): core\lib\Route->router()
#2 D:\item\frame\core\wxuns.php(15): core\lib\Route->__construct()
#3 D:\item\frame\index.php(21): core\wxuns::run()
#4 {main}
  thrown => D:\item\frame\core\lib\route.php line:54
[2017-09-24 20:30:56] error1:  Uncaught ErrorException: 找不到类,或者类文件不存在 in D:\item\frame\core\wxuns.php:42
Stack trace:
#0 [internal function]: core\wxuns::load('core/common/deb...')
#1 D:\item\frame\core\wxuns.php(24): spl_autoload_call('core\\common\\deb...')
#2 D:\item\frame\index.php(21): core\wxuns::run()
#3 {main}
  thrown => D:\item\frame\core\wxuns.php line:42
[2017-09-24 20:30:56] error1:  Uncaught ErrorException: 页面不存在 in D:\item\frame\core\lib\route.php:54
Stack trace:
#0 D:\item\frame\core\lib\route.php(29): core\lib\Route->con('favicon.ico', Array)
#1 D:\item\frame\core\lib\route.php(14): core\lib\Route->router()
#2 D:\item\frame\core\wxuns.php(15): core\lib\Route->__construct()
#3 D:\item\frame\index.php(21): core\wxuns::run()
#4 {main}
  thrown => D:\item\frame\core\lib\route.php line:54
[2017-09-24 20:31:09] error1:  Uncaught ErrorException: 没有找到这样的配置 in D:\item\frame\core\lib\config.php:31
Stack trace:
#0 D:\item\frame\core\lib\debug.php(6): core\lib\Config::get('D:\\item\\frame/c...', 'LOG')
#1 D:\item\frame\core\wxuns.php(24): core\lib\Debug->__construct()
#2 D:\item\frame\index.php(21): core\wxuns::run()
#3 {main}
  thrown => D:\item\frame\core\lib\config.php line:31
[2017-09-24 20:31:09] error1:  Uncaught ErrorException: 页面不存在 in D:\item\frame\core\lib\route.php:54
Stack trace:
#0 D:\item\frame\core\lib\route.php(29): core\lib\Route->con('favicon.ico', Array)
#1 D:\item\frame\core\lib\route.php(14): core\lib\Route->router()
#2 D:\item\frame\core\wxuns.php(15): core\lib\Route->__construct()
#3 D:\item\frame\index.php(21): core\wxuns::run()
#4 {main}
  thrown => D:\item\frame\core\lib\route.php line:54
[2017-09-24 20:31:25] error1:  Uncaught ErrorException: 没有找到这样的配置 in D:\item\frame\core\lib\config.php:31
Stack trace:
#0 D:\item\frame\core\lib\debug.php(6): core\lib\Config::get('D:\\item\\frame/c...', 'LOG')
#1 D:\item\frame\core\wxuns.php(24): core\lib\Debug->__construct()
#2 D:\item\frame\index.php(21): core\wxuns::run()
#3 {main}
  thrown => D:\item\frame\core\lib\config.php line:31
[2017-09-24 20:31:26] error1:  Uncaught ErrorException: 页面不存在 in D:\item\frame\core\lib\route.php:54
Stack trace:
#0 D:\item\frame\core\lib\route.php(29): core\lib\Route->con('favicon.ico', Array)
#1 D:\item\frame\core\lib\route.php(14): core\lib\Route->router()
#2 D:\item\frame\core\wxuns.php(15): core\lib\Route->__construct()
#3 D:\item\frame\index.php(21): core\wxuns::run()
#4 {main}
  thrown => D:\item\frame\core\lib\route.php line:54
[2017-09-24 20:32:29] prase4:  syntax error, unexpected '}', expecting end of file => D:\item\frame\core\lib\debug.php line:21
[2017-09-24 20:32:29] error1:  Uncaught ErrorException: 页面不存在 in D:\item\frame\core\lib\route.php:54
Stack trace:
#0 D:\item\frame\core\lib\route.php(29): core\lib\Route->con('favicon.ico', Array)
#1 D:\item\frame\core\lib\route.php(14): core\lib\Route->router()
#2 D:\item\frame\core\wxuns.php(15): core\lib\Route->__construct()
#3 D:\item\frame\index.php(21): core\wxuns::run()
#4 {main}
  thrown => D:\item\frame\core\lib\route.php line:54
[2017-09-24 20:32:34] 64:  Cannot declare class core\lib\Log, because the name is already in use => D:\item\frame\core\lib\debug.php line:4
[2017-09-24 20:32:35] error1:  Uncaught ErrorException: 页面不存在 in D:\item\frame\core\lib\route.php:54
Stack trace:
#0 D:\item\frame\core\lib\route.php(29): core\lib\Route->con('favicon.ico', Array)
#1 D:\item\frame\core\lib\route.php(14): core\lib\Route->router()
#2 D:\item\frame\core\wxuns.php(15): core\lib\Route->__construct()
#3 D:\item\frame\index.php(21): core\wxuns::run()
#4 {main}
  thrown => D:\item\frame\core\lib\route.php line:54
[2017-09-24 20:32:47] error1:  Uncaught ErrorException: 没有找到这样的配置 in D:\item\frame\core\lib\config.php:31
Stack trace:
#0 D:\item\frame\core\lib\debug.php(6): core\lib\Config::get('D:\\item\\frame/c...', 'LOG')
#1 D:\item\frame\core\wxuns.php(24): core\lib\Debug->__construct()
#2 D:\item\frame\index.php(21): core\wxuns::run()
#3 {main}
  thrown => D:\item\frame\core\lib\config.php line:31
[2017-09-24 20:32:48] error1:  Uncaught ErrorException: 页面不存在 in D:\item\frame\core\lib\route.php:54
Stack trace:
#0 D:\item\frame\core\lib\route.php(29): core\lib\Route->con('favicon.ico', Array)
#1 D:\item\frame\core\lib\route.php(14): core\lib\Route->router()
#2 D:\item\frame\core\wxuns.php(15): core\lib\Route->__construct()
#3 D:\item\frame\index.php(21): core\wxuns::run()
#4 {main}
  thrown => D:\item\frame\core\lib\route.php line:54
[2017-09-24 20:33:09] error1:  Uncaught ErrorException: 没有找到这样的配置 in D:\item\frame\core\lib\config.php:31
Stack trace:
#0 D:\item\frame\core\lib\debug.php(6): core\lib\Config::get('D:\\item\\frame/c...', 'LOG')
#1 D:\item\frame\core\wxuns.php(24): core\lib\Debug->__construct()
#2 D:\item\frame\index.php(21): core\wxuns::run()
#3 {main}
  thrown => D:\item\frame\core\lib\config.php line:31
[2017-09-24 20:33:10] error1:  Uncaught ErrorException: 页面不存在 in D:\item\frame\core\lib\route.php:54
Stack trace:
#0 D:\item\frame\core\lib\route.php(29): core\lib\Route->con('favicon.ico', Array)
#1 D:\item\frame\core\lib\route.php(14): core\lib\Route->router()
#2 D:\item\frame\core\wxuns.php(15): core\lib\Route->__construct()
#3 D:\item\frame\index.php(21): core\wxuns::run()
#4 {main}
  thrown => D:\item\frame\core\lib\route.php line:54
[2017-09-24 20:36:25] error1:  Uncaught ErrorException: 没有找到这样的配置 in D:\item\frame\core\lib\config.php:31
Stack trace:
#0 D:\item\frame\core\lib\debug.php(6): core\lib\Config::get('D:\\item\\frame/c...', 'wqe')
#1 D:\item\frame\core\wxuns.php(24): core\lib\Debug->__construct()
#2 D:\item\frame\index.php(21): core\wxuns::run()
#3 {main}
  thrown => D:\item\frame\core\lib\config.php line:31
[2017-09-24 20:36:26] error1:  Uncaught ErrorException: 页面不存在 in D:\item\frame\core\lib\route.php:54
Stack trace:
#0 D:\item\frame\core\lib\route.php(29): core\lib\Route->con('favicon.ico', Array)
#1 D:\item\frame\core\lib\route.php(14): core\lib\Route->router()
#2 D:\item\frame\core\wxuns.php(15): core\lib\Route->__construct()
#3 D:\item\frame\index.php(21): core\wxuns::run()
#4 {main}
  thrown => D:\item\frame\core\lib\route.php line:54
[2017-09-24 20:36:54] error1:  Uncaught ErrorException: 没有找到这样的配置 in D:\item\frame\core\lib\config.php:32
Stack trace:
#0 D:\item\frame\core\lib\debug.php(6): core\lib\Config::get('D:\\item\\frame/c...', 'wqe')
#1 D:\item\frame\core\wxuns.php(24): core\lib\Debug->__construct()
#2 D:\item\frame\index.php(21): core\wxuns::run()
#3 {main}
  thrown => D:\item\frame\core\lib\config.php line:32
[2017-09-24 20:36:54] error1:  Uncaught ErrorException: 页面不存在 in D:\item\frame\core\lib\route.php:54
Stack trace:
#0 D:\item\frame\core\lib\route.php(29): core\lib\Route->con('favicon.ico', Array)
#1 D:\item\frame\core\lib\route.php(14): core\lib\Route->router()
#2 D:\item\frame\core\wxuns.php(15): core\lib\Route->__construct()
#3 D:\item\frame\index.php(21): core\wxuns::run()
#4 {main}
  thrown => D:\item\frame\core\lib\route.php line:54
[2017-09-24 20:37:25] error1:  Uncaught ErrorException: 没有找到这样的配置 in D:\item\frame\core\lib\config.php:32
Stack trace:
#0 D:\item\frame\core\lib\debug.php(6): core\lib\Config::get('D:\\item\\frame/c...', 'wqe')
#1 D:\item\frame\core\wxuns.php(24): core\lib\Debug->__construct()
#2 D:\item\frame\index.php(21): core\wxuns::run()
#3 {main}
  thrown => D:\item\frame\core\lib\config.php line:32
[2017-09-24 20:37:25] error1:  Uncaught ErrorException: 页面不存在 in D:\item\frame\core\lib\route.php:54
Stack trace:
#0 D:\item\frame\core\lib\route.php(29): core\lib\Route->con('favicon.ico', Array)
#1 D:\item\frame\core\lib\route.php(14): core\lib\Route->router()
#2 D:\item\frame\core\wxuns.php(15): core\lib\Route->__construct()
#3 D:\item\frame\index.php(21): core\wxuns::run()
#4 {main}
  thrown => D:\item\frame\core\lib\route.php line:54
[2017-09-24 20:38:05] error1:  Uncaught ErrorException: 页面不存在 in D:\item\frame\core\lib\route.php:54
Stack trace:
#0 D:\item\frame\core\lib\route.php(29): core\lib\Route->con('favicon.ico', Array)
#1 D:\item\frame\core\lib\route.php(14): core\lib\Route->router()
#2 D:\item\frame\core\wxuns.php(15): core\lib\Route->__construct()
#3 D:\item\frame\index.php(21): core\wxuns::run()
#4 {main}
  thrown => D:\item\frame\core\lib\route.php line:54
[2017-09-24 20:38:51] error1:  Uncaught ErrorException: 没有找到这样的配置 in D:\item\frame\core\lib\config.php:32
Stack trace:
#0 D:\item\frame\core\lib\debug.php(6): core\lib\Config::get('D:\\item\\frame/c...', 'wqe')
#1 D:\item\frame\core\wxuns.php(14): core\lib\Debug->__construct()
#2 D:\item\frame\index.php(21): core\wxuns::run()
#3 {main}
  thrown => D:\item\frame\core\lib\config.php line:32
[2017-09-24 20:38:52] error1:  Uncaught ErrorException: 没有找到这样的配置 in D:\item\frame\core\lib\config.php:32
Stack trace:
#0 D:\item\frame\core\lib\debug.php(6): core\lib\Config::get('D:\\item\\frame/c...', 'wqe')
#1 D:\item\frame\core\wxuns.php(14): core\lib\Debug->__construct()
#2 D:\item\frame\index.php(21): core\wxuns::run()
#3 {main}
  thrown => D:\item\frame\core\lib\config.php line:32
[2017-09-24 20:39:17] error1:  Uncaught ErrorException: 没有找到这样的配置 in D:\item\frame\core\lib\config.php:31
Stack trace:
#0 D:\item\frame\core\lib\debug.php(6): core\lib\Config::get('D:\\item\\frame/c...', 'wqe')
#1 D:\item\frame\core\wxuns.php(14): core\lib\Debug->__construct()
#2 D:\item\frame\index.php(21): core\wxuns::run()
#3 {main}
  thrown => D:\item\frame\core\lib\config.php line:31
[2017-09-24 20:39:17] error1:  Uncaught ErrorException: 没有找到这样的配置 in D:\item\frame\core\lib\config.php:31
Stack trace:
#0 D:\item\frame\core\lib\debug.php(6): core\lib\Config::get('D:\\item\\frame/c...', 'wqe')
#1 D:\item\frame\core\wxuns.php(14): core\lib\Debug->__construct()
#2 D:\item\frame\index.php(21): core\wxuns::run()
#3 {main}
  thrown => D:\item\frame\core\lib\config.php line:31
[2017-09-24 20:39:27] error1:  Uncaught ErrorException: 没有找到这样的配置 in D:\item\frame\core\lib\config.php:31
Stack trace:
#0 D:\item\frame\core\lib\debug.php(6): core\lib\Config::get('D:\\item\\frame/c...', 'LOG')
#1 D:\item\frame\core\wxuns.php(14): core\lib\Debug->__construct()
#2 D:\item\frame\index.php(21): core\wxuns::run()
#3 {main}
  thrown => D:\item\frame\core\lib\config.php line:31
[2017-09-24 20:39:27] error1:  Uncaught ErrorException: 没有找到这样的配置 in D:\item\frame\core\lib\config.php:31
Stack trace:
#0 D:\item\frame\core\lib\debug.php(6): core\lib\Config::get('D:\\item\\frame/c...', 'LOG')
#1 D:\item\frame\core\wxuns.php(14): core\lib\Debug->__construct()
#2 D:\item\frame\index.php(21): core\wxuns::run()
#3 {main}
  thrown => D:\item\frame\core\lib\config.php line:31
[2017-09-24 20:39:28] error1:  Uncaught ErrorException: 没有找到这样的配置 in D:\item\frame\core\lib\config.php:31
Stack trace:
#0 D:\item\frame\core\lib\debug.php(6): core\lib\Config::get('D:\\item\\frame/c...', 'LOG')
#1 D:\item\frame\core\wxuns.php(14): core\lib\Debug->__construct()
#2 D:\item\frame\index.php(21): core\wxuns::run()
#3 {main}
  thrown => D:\item\frame\core\lib\config.php line:31
[2017-09-24 20:39:28] error1:  Uncaught ErrorException: 没有找到这样的配置 in D:\item\frame\core\lib\config.php:31
Stack trace:
#0 D:\item\frame\core\lib\debug.php(6): core\lib\Config::get('D:\\item\\frame/c...', 'LOG')
#1 D:\item\frame\core\wxuns.php(14): core\lib\Debug->__construct()
#2 D:\item\frame\index.php(21): core\wxuns::run()
#3 {main}
  thrown => D:\item\frame\core\lib\config.php line:31
[2017-09-24 20:40:08] error1:  Uncaught ErrorException: 没有找到这样的配置 in D:\item\frame\core\lib\config.php:31
Stack trace:
#0 D:\item\frame\core\lib\debug.php(6): core\lib\Config::get('D:\\item\\frame/c...', 'LOG')
#1 D:\item\frame\core\wxuns.php(14): core\lib\Debug->__construct()
#2 D:\item\frame\index.php(21): core\wxuns::run()
#3 {main}
  thrown => D:\item\frame\core\lib\config.php line:31
[2017-09-24 20:40:08] error1:  Uncaught ErrorException: 没有找到这样的配置 in D:\item\frame\core\lib\config.php:31
Stack trace:
#0 D:\item\frame\core\lib\debug.php(6): core\lib\Config::get('D:\\item\\frame/c...', 'LOG')
#1 D:\item\frame\core\wxuns.php(14): core\lib\Debug->__construct()
#2 D:\item\frame\index.php(21): core\wxuns::run()
#3 {main}
  thrown => D:\item\frame\core\lib\config.php line:31
[2017-09-24 20:42:20] error1:  Uncaught ErrorException: 没有找到这样的配置 in D:\item\frame\core\lib\config.php:31
Stack trace:
#0 D:\item\frame\core\lib\debug.php(7): core\lib\Config::get('D:\\item\\frame/c...', 'DEBUG')
#1 D:\item\frame\core\wxuns.php(14): core\lib\Debug->__construct()
#2 D:\item\frame\index.php(21): core\wxuns::run()
#3 {main}
  thrown => D:\item\frame\core\lib\config.php line:31
[2017-09-24 20:42:20] error1:  Uncaught ErrorException: 没有找到这样的配置 in D:\item\frame\core\lib\config.php:31
Stack trace:
#0 D:\item\frame\core\lib\debug.php(7): core\lib\Config::get('D:\\item\\frame/c...', 'DEBUG')
#1 D:\item\frame\core\wxuns.php(14): core\lib\Debug->__construct()
#2 D:\item\frame\index.php(21): core\wxuns::run()
#3 {main}
  thrown => D:\item\frame\core\lib\config.php line:31
[2017-09-24 20:42:24] error1:  Uncaught ErrorException: 没有找到这样的配置 in D:\item\frame\core\lib\config.php:31
Stack trace:
#0 D:\item\frame\core\lib\debug.php(6): core\lib\Config::get('D:\\item\\frame/c...', 'DEBUG')
#1 D:\item\frame\core\wxuns.php(14): core\lib\Debug->__construct()
#2 D:\item\frame\index.php(21): core\wxuns::run()
#3 {main}
  thrown => D:\item\frame\core\lib\config.php line:31
[2017-09-24 20:42:24] error1:  Uncaught ErrorException: 没有找到这样的配置 in D:\item\frame\core\lib\config.php:31
Stack trace:
#0 D:\item\frame\core\lib\debug.php(6): core\lib\Config::get('D:\\item\\frame/c...', 'DEBUG')
#1 D:\item\frame\core\wxuns.php(14): core\lib\Debug->__construct()
#2 D:\item\frame\index.php(21): core\wxuns::run()
#3 {main}
  thrown => D:\item\frame\core\lib\config.php line:31
[2017-09-24 20:43:00] error1:  Uncaught ErrorException: 页面不存在 in D:\item\frame\core\lib\route.php:54
Stack trace:
#0 D:\item\frame\core\lib\route.php(29): core\lib\Route->con('favicon.ico', Array)
#1 D:\item\frame\core\lib\route.php(14): core\lib\Route->router()
#2 D:\item\frame\core\wxuns.php(16): core\lib\Route->__construct()
#3 D:\item\frame\index.php(21): core\wxuns::run()
#4 {main}
  thrown => D:\item\frame\core\lib\route.php line:54
[2017-09-24 20:43:08] error1:  Uncaught ErrorException: 没有找到这样的配置 in D:\item\frame\core\lib\config.php:31
Stack trace:
#0 D:\item\frame\core\lib\debug.php(6): core\lib\Config::get('D:\\item\\frame/c...', 'DEBUG')
#1 D:\item\frame\core\wxuns.php(14): core\lib\Debug->__construct()
#2 D:\item\frame\index.php(21): core\wxuns::run()
#3 {main}
  thrown => D:\item\frame\core\lib\config.php line:31
[2017-09-24 20:43:09] error1:  Uncaught ErrorException: 没有找到这样的配置 in D:\item\frame\core\lib\config.php:31
Stack trace:
#0 D:\item\frame\core\lib\debug.php(6): core\lib\Config::get('D:\\item\\frame/c...', 'DEBUG')
#1 D:\item\frame\core\wxuns.php(14): core\lib\Debug->__construct()
#2 D:\item\frame\index.php(21): core\wxuns::run()
#3 {main}
  thrown => D:\item\frame\core\lib\config.php line:31
[2017-09-24 20:43:35] error1:  Uncaught ErrorException: 没有找到这样的配置 in D:\item\frame\core\lib\config.php:31
Stack trace:
#0 D:\item\frame\core\lib\debug.php(6): core\lib\Config::get('D:\\item\\frame/c...', 'DEBUG')
#1 D:\item\frame\core\wxuns.php(24): core\lib\Debug->__construct()
#2 D:\item\frame\index.php(21): core\wxuns::run()
#3 {main}
  thrown => D:\item\frame\core\lib\config.php line:31
[2017-09-24 20:43:35] error1:  Uncaught ErrorException: 页面不存在 in D:\item\frame\core\lib\route.php:54
Stack trace:
#0 D:\item\frame\core\lib\route.php(29): core\lib\Route->con('favicon.ico', Array)
#1 D:\item\frame\core\lib\route.php(14): core\lib\Route->router()
#2 D:\item\frame\core\wxuns.php(15): core\lib\Route->__construct()
#3 D:\item\frame\index.php(21): core\wxuns::run()
#4 {main}
  thrown => D:\item\frame\core\lib\route.php line:54
[2017-09-24 20:43:36] error1:  Uncaught ErrorException: 没有找到这样的配置 in D:\item\frame\core\lib\config.php:31
Stack trace:
#0 D:\item\frame\core\lib\debug.php(6): core\lib\Config::get('D:\\item\\frame/c...', 'DEBUG')
#1 D:\item\frame\core\wxuns.php(24): core\lib\Debug->__construct()
#2 D:\item\frame\index.php(21): core\wxuns::run()
#3 {main}
  thrown => D:\item\frame\core\lib\config.php line:31
[2017-09-24 20:43:36] error1:  Uncaught ErrorException: 页面不存在 in D:\item\frame\core\lib\route.php:54
Stack trace:
#0 D:\item\frame\core\lib\route.php(29): core\lib\Route->con('favicon.ico', Array)
#1 D:\item\frame\core\lib\route.php(14): core\lib\Route->router()
#2 D:\item\frame\core\wxuns.php(15): core\lib\Route->__construct()
#3 D:\item\frame\index.php(21): core\wxuns::run()
#4 {main}
  thrown => D:\item\frame\core\lib\route.php line:54
[2017-09-24 20:43:36] error1:  Uncaught ErrorException: 没有找到这样的配置 in D:\item\frame\core\lib\config.php:31
Stack trace:
#0 D:\item\frame\core\lib\debug.php(6): core\lib\Config::get('D:\\item\\frame/c...', 'DEBUG')
#1 D:\item\frame\core\wxuns.php(24): core\lib\Debug->__construct()
#2 D:\item\frame\index.php(21): core\wxuns::run()
#3 {main}
  thrown => D:\item\frame\core\lib\config.php line:31
[2017-09-24 20:43:37] error1:  Uncaught ErrorException: 页面不存在 in D:\item\frame\core\lib\route.php:54
Stack trace:
#0 D:\item\frame\core\lib\route.php(29): core\lib\Route->con('favicon.ico', Array)
#1 D:\item\frame\core\lib\route.php(14): core\lib\Route->router()
#2 D:\item\frame\core\wxuns.php(15): core\lib\Route->__construct()
#3 D:\item\frame\index.php(21): core\wxuns::run()
#4 {main}
  thrown => D:\item\frame\core\lib\route.php line:54
[2017-09-24 20:45:17] error1:  Uncaught ErrorException: 页面不存在 in D:\item\frame\core\lib\route.php:54
Stack trace:
#0 D:\item\frame\core\lib\route.php(29): core\lib\Route->con('favicon.ico', Array)
#1 D:\item\frame\core\lib\route.php(14): core\lib\Route->router()
#2 D:\item\frame\core\wxuns.php(16): core\lib\Route->__construct()
#3 D:\item\frame\index.php(21): core\wxuns::run()
#4 {main}
  thrown => D:\item\frame\core\lib\route.php line:54
[2017-09-24 20:46:46] error1:  Uncaught ErrorException: 页面不存在 in D:\item\frame\core\lib\route.php:54
Stack trace:
#0 D:\item\frame\core\lib\route.php(29): core\lib\Route->con('favicon.ico', Array)
#1 D:\item\frame\core\lib\route.php(14): core\lib\Route->router()
#2 D:\item\frame\core\wxuns.php(15): core\lib\Route->__construct()
#3 D:\item\frame\index.php(21): core\wxuns::run()
#4 {main}
  thrown => D:\item\frame\core\lib\route.php line:54
[2017-09-24 21:16:39] warning2: log() expects at least 1 parameter, 0 given => D:\item\frame\app\controller\IndexController.php line:9 2017-09-24 21:16:39
